<?xml version="1.0" encoding="UTF-8"?>
<testsuites name="Quicksti_Sameday_PartialRefund_Admin" time="589.928" tests="1" failures="0" errors="0">
   <testsuite name="Quicksti_Sameday_PartialRefund_Admin" tests="1" failures="0" errors="0" time="589.928" timestamp="2020-10-13 13:09:35" hostname="admin - SYS8" id="Test Suites/Certpay_testSuite/Quicksti_Sameday_PartialRefund_Admin">
      <properties>
         <property name="deviceName" value=""/>
         <property name="devicePlatform" value=""/>
         <property name="logFolder" value="E:\\Sush_Certpay\\Reports\\20201013_130926\\Certpay_testSuite\\Quicksti_Sameday_PartialRefund_Admin\\20201013_130926"/>
         <property name="logFiles" value="E:\\Sush_Certpay\\Reports\\20201013_130926\\Certpay_testSuite\\Quicksti_Sameday_PartialRefund_Admin\\20201013_130926\\execution0.log"/>
         <property name="attachments" value=""/>
         <property name="hostName" value="admin - SYS8"/>
         <property name="os" value="Windows 10 32bit"/>
         <property name="katalonVersion" value="7.1.2.1"/>
         <property name="browser" value="Chrome 86.0.4240.75"/>
         <property name="hostAddress" value="172.31.253.251"/>
         <property name="sessionId" value="86da52c581bf4b0a0f441a1a33c83aff"/>
         <property name="seleniumVersion" value="3.141.59"/>
         <property name="proxyInformation" value="ProxyInformation{proxyOption=NO_PROXY, proxyServerType=HTTP, password=, proxyServerAddress=, proxyServerPort=0, executionList=}"/>
         <property name="platform" value="Windows 10"/>
      </properties>
      <testcase name="Test Cases/SameDay_Refunds_Admin/TC_002_VISA_Sameday_PartialRefund" time="583.132" classname="Test Cases/SameDay_Refunds_Admin/TC_002_VISA_Sameday_PartialRefund" status="PASSED">
         <system-out><![CDATA[2020-10-13 13:09:35 - [TEST_CASE][PASSED] - Test Cases/SameDay_Refunds_Admin/TC_002_VISA_Sameday_PartialRefund: Test Cases/SameDay_Refunds_Admin/TC_002_VISA_Sameday_PartialRefund

2020-10-13 13:09:35 - [TEST_STEP][PASSED] - Start listener action : beforeTestCase: null

2020-10-13 13:09:36 - [TEST_STEP][PASSED] - data = findTestData("Data Files/Certpay/SingleBureau_SingleLine"): null

2020-10-13 13:09:38 - [TEST_STEP][PASSED] - paymentIdList = []: null

2020-10-13 13:09:38 - [TEST_STEP][PASSED] - for (def index : (1..data.getRowNumbers())): Delayed 2 second(s)

2020-10-13 13:09:38 - [TEST_STEP][PASSED] - firstName = data.getValue("FirstName", index): null

2020-10-13 13:09:38 - [TEST_STEP][PASSED] - lastName = data.getValue("LastName", index): null

2020-10-13 13:09:38 - [TEST_STEP][PASSED] - expMonth = data.getValue("ExpMonth", index): null

2020-10-13 13:09:38 - [TEST_STEP][PASSED] - expYear = data.getValue("ExpYear", index): null

2020-10-13 13:09:38 - [TEST_STEP][PASSED] - securityCode = data.getValue("SecurityCode", index): null

2020-10-13 13:09:38 - [TEST_STEP][PASSED] - paymentAmount = data.getValue("PaymentAmount", index): null

2020-10-13 13:09:38 - [TEST_STEP][PASSED] - paymentType = data.getValue("PaymentType", index): null

2020-10-13 13:09:38 - [TEST_STEP][PASSED] - quantity = data.getValue("Quantity", index): null

2020-10-13 13:09:38 - [TEST_STEP][PASSED] - comments = data.getValue("Comments", index): null

2020-10-13 13:09:38 - [TEST_STEP][PASSED] - referenceNum = data.getValue("ReferenceNum", index): null

2020-10-13 13:09:38 - [TEST_STEP][PASSED] - address = data.getValue("Address", index): null

2020-10-13 13:09:38 - [TEST_STEP][PASSED] - zipCode = data.getValue("Zipcode", index): null

2020-10-13 13:09:38 - [TEST_STEP][PASSED] - telephone = data.getValue("Telephone", index): null

2020-10-13 13:09:38 - [TEST_STEP][PASSED] - emailAddress = data.getValue("EmailAddress", index): null

2020-10-13 13:09:38 - [TEST_STEP][PASSED] - cardNum = data.getValue("CardNumber", index): null

2020-10-13 13:09:38 - [TEST_STEP][PASSED] - cardType = data.getValue("CardType", index): null

2020-10-13 13:09:38 - [TEST_STEP][PASSED] - RefundAmount = data.getValue("RefundAmount", index): null

2020-10-13 13:09:38 - [TEST_STEP][PASSED] - utilities.SafeActions.openBrowser(Quicksti_Url, [pageLoadTime]): Browser launched successfully

2020-10-13 13:09:38 - [MESSAGE][INFO] - Opening Browser

2020-10-13 13:09:39 - [MESSAGE][INFO] - Starting 'Chrome' driver

2020-10-13 13:09:39 - [MESSAGE][INFO] - Action delay is set to 0 seconds

2020-10-13 13:10:01 - [MESSAGE][PASSED] - Browser is opened with url: 'https://qa-certpayquicksti.faps.net/'

2020-10-13 13:10:04 - [MESSAGE][PASSED] - Current window maximized

2020-10-13 13:10:04 - [MESSAGE][PASSED] - Browser launched successfully

2020-10-13 13:10:04 - [TEST_STEP][PASSED] - utilities.SafeActions.safeType(findTestObject("CERTPAY_QUICKSTI/Login_ Page/BUREAU_CODE"), bureau_code, "Bureau code", [pageLoadTime]): Quicksti_Sameday_PartialRefund_Admin.ts:Entered'6100000 into Bureau code

2020-10-13 13:10:05 - [MESSAGE][PASSED] - Object 'Object Repository/CERTPAY_QUICKSTI/Login_ Page/BUREAU_CODE' is present

2020-10-13 13:10:05 - [MESSAGE][PASSED] - Object 'Object Repository/CERTPAY_QUICKSTI/Login_ Page/BUREAU_CODE' is visible

2020-10-13 13:10:05 - [MESSAGE][PASSED] - Object 'Object Repository/CERTPAY_QUICKSTI/Login_ Page/BUREAU_CODE' is present

2020-10-13 13:10:08 - [MESSAGE][PASSED] - Text '6100000' is set on object 'Object Repository/CERTPAY_QUICKSTI/Login_ Page/BUREAU_CODE'

2020-10-13 13:10:08 - [MESSAGE][PASSED] - Quicksti_Sameday_PartialRefund_Admin.ts:Entered'6100000 into Bureau code

2020-10-13 13:10:08 - [TEST_STEP][PASSED] - utilities.SafeActions.safeType(findTestObject("CERTPAY_QUICKSTI/Login_ Page/TELLER_ID"), teller_id, "Bureau code", [pageLoadTime]): Quicksti_Sameday_PartialRefund_Admin.ts:Entered'zenq into Bureau code

2020-10-13 13:10:09 - [MESSAGE][PASSED] - Object 'Object Repository/CERTPAY_QUICKSTI/Login_ Page/TELLER_ID' is present

2020-10-13 13:10:09 - [MESSAGE][PASSED] - Object 'Object Repository/CERTPAY_QUICKSTI/Login_ Page/TELLER_ID' is visible

2020-10-13 13:10:09 - [MESSAGE][PASSED] - Object 'Object Repository/CERTPAY_QUICKSTI/Login_ Page/TELLER_ID' is present

2020-10-13 13:10:11 - [MESSAGE][PASSED] - Text 'zenq' is set on object 'Object Repository/CERTPAY_QUICKSTI/Login_ Page/TELLER_ID'

2020-10-13 13:10:11 - [MESSAGE][PASSED] - Quicksti_Sameday_PartialRefund_Admin.ts:Entered'zenq into Bureau code

2020-10-13 13:10:11 - [TEST_STEP][PASSED] - utilities.SafeActions.safeClick(findTestObject("CERTPAY_QUICKSTI/Login_ Page/NEXT_BUTTON"), "Next button", [pageLoadTime]): Quicksti_Sameday_PartialRefund_Admin.ts:Clicked on the Next button

2020-10-13 13:10:11 - [MESSAGE][INFO] - safeClicking

2020-10-13 13:10:11 - [MESSAGE][PASSED] - Object 'Object Repository/CERTPAY_QUICKSTI/Login_ Page/NEXT_BUTTON' is present

2020-10-13 13:10:13 - [MESSAGE][PASSED] - Object 'Object Repository/CERTPAY_QUICKSTI/Login_ Page/NEXT_BUTTON' is clickable

2020-10-13 13:10:18 - [MESSAGE][PASSED] - Object: 'Object Repository/CERTPAY_QUICKSTI/Login_ Page/NEXT_BUTTON' is clicked on

2020-10-13 13:10:18 - [MESSAGE][PASSED] - Quicksti_Sameday_PartialRefund_Admin.ts:Clicked on the Next button

2020-10-13 13:10:18 - [TEST_STEP][PASSED] - utilities.SafeActions.safeClick(findTestObject("CERTPAY_QUICKSTI/Payment_Information_Page/MANUAL_ENTRY_BUTTON"), "ManualEntry", [pageLoadTime]): Quicksti_Sameday_PartialRefund_Admin.ts:Clicked on the ManualEntry

2020-10-13 13:10:18 - [MESSAGE][INFO] - safeClicking

2020-10-13 13:10:18 - [MESSAGE][PASSED] - Object 'Object Repository/CERTPAY_QUICKSTI/Payment_Information_Page/MANUAL_ENTRY_BUTTON' is present

2020-10-13 13:10:18 - [MESSAGE][PASSED] - Object 'Object Repository/CERTPAY_QUICKSTI/Payment_Information_Page/MANUAL_ENTRY_BUTTON' is clickable

2020-10-13 13:10:21 - [MESSAGE][PASSED] - Object: 'Object Repository/CERTPAY_QUICKSTI/Payment_Information_Page/MANUAL_ENTRY_BUTTON' is clicked on

2020-10-13 13:10:21 - [MESSAGE][PASSED] - Quicksti_Sameday_PartialRefund_Admin.ts:Clicked on the ManualEntry

2020-10-13 13:10:21 - [TEST_STEP][PASSED] - CardNumber = pages.Quicksti.setUserPaymentDetails(firstName, lastName, cardNum): Quicksti_Sameday_PartialRefund_Admin.ts:Entered'4761739001010135 into CardNum

2020-10-13 13:10:22 - [MESSAGE][PASSED] - Object 'Object Repository/CERTPAY_QUICKSTI/Payment_Information_Page/FIRST_NAME' is present

2020-10-13 13:10:22 - [MESSAGE][PASSED] - Object 'Object Repository/CERTPAY_QUICKSTI/Payment_Information_Page/FIRST_NAME' is visible

2020-10-13 13:10:23 - [MESSAGE][PASSED] - Object 'Object Repository/CERTPAY_QUICKSTI/Payment_Information_Page/FIRST_NAME' is present

2020-10-13 13:10:24 - [MESSAGE][PASSED] - Text 'Tester' is set on object 'Object Repository/CERTPAY_QUICKSTI/Payment_Information_Page/FIRST_NAME'

2020-10-13 13:10:24 - [MESSAGE][PASSED] - Quicksti_Sameday_PartialRefund_Admin.ts:Entered'Tester into FirstName

2020-10-13 13:10:24 - [MESSAGE][PASSED] - Object 'Object Repository/CERTPAY_QUICKSTI/Payment_Information_Page/LAST_NAME' is present

2020-10-13 13:10:25 - [MESSAGE][PASSED] - Object 'Object Repository/CERTPAY_QUICKSTI/Payment_Information_Page/LAST_NAME' is visible

2020-10-13 13:10:25 - [MESSAGE][PASSED] - Object 'Object Repository/CERTPAY_QUICKSTI/Payment_Information_Page/LAST_NAME' is present

2020-10-13 13:10:26 - [MESSAGE][PASSED] - Text 'Zenq1' is set on object 'Object Repository/CERTPAY_QUICKSTI/Payment_Information_Page/LAST_NAME'

2020-10-13 13:10:26 - [MESSAGE][PASSED] - Quicksti_Sameday_PartialRefund_Admin.ts:Entered'Zenq1 into LAstName

2020-10-13 13:10:27 - [MESSAGE][PASSED] - Object 'Object Repository/CERTPAY_QUICKSTI/Payment_Information_Page/CARD_NUMBER' is present

2020-10-13 13:10:27 - [MESSAGE][PASSED] - Object 'Object Repository/CERTPAY_QUICKSTI/Payment_Information_Page/CARD_NUMBER' is visible

2020-10-13 13:10:27 - [MESSAGE][PASSED] - Object 'Object Repository/CERTPAY_QUICKSTI/Payment_Information_Page/CARD_NUMBER' is present

2020-10-13 13:10:29 - [MESSAGE][PASSED] - Text '4761739001010135' is set on object 'Object Repository/CERTPAY_QUICKSTI/Payment_Information_Page/CARD_NUMBER'

2020-10-13 13:10:29 - [MESSAGE][PASSED] - Quicksti_Sameday_PartialRefund_Admin.ts:Entered'4761739001010135 into CardNum

2020-10-13 13:10:29 - [TEST_STEP][PASSED] - utilities.SafeActions.safeSelectOptionInDropdownByVisibleText(findTestObject("CERTPAY_QUICKSTI/Payment_Information_Page/PAYMENT_TYPE"), paymentType, "paymentType", [pageLoadTime]): selected dropdown option by visible text  Taxesfrom paymentType

2020-10-13 13:10:29 - [MESSAGE][PASSED] - Object 'Object Repository/CERTPAY_QUICKSTI/Payment_Information_Page/PAYMENT_TYPE' is visible

2020-10-13 13:10:29 - [MESSAGE][PASSED] - Object 'Object Repository/CERTPAY_QUICKSTI/Payment_Information_Page/PAYMENT_TYPE' is present

2020-10-13 13:10:31 - [MESSAGE][PASSED] - Object: 'Object Repository/CERTPAY_QUICKSTI/Payment_Information_Page/PAYMENT_TYPE' is clicked on

2020-10-13 13:10:32 - [MESSAGE][PASSED] - All options with label 'Taxes' are selected in object 'Object Repository/CERTPAY_QUICKSTI/Payment_Information_Page/PAYMENT_TYPE'  using regular expression

2020-10-13 13:10:32 - [MESSAGE][PASSED] - selected dropdown option by visible text  Taxesfrom paymentType

2020-10-13 13:10:32 - [TEST_STEP][PASSED] - pages.Quicksti.setExpDate(expMonth, expYear, securityCode): Quicksti_Sameday_PartialRefund_Admin.ts:Entered'207 into securityCode

2020-10-13 13:10:32 - [MESSAGE][PASSED] - Object 'Object Repository/CERTPAY_QUICKSTI/Payment_Information_Page/EXP_MONTH' is visible

2020-10-13 13:10:33 - [MESSAGE][PASSED] - Object 'Object Repository/CERTPAY_QUICKSTI/Payment_Information_Page/EXP_MONTH' is present

2020-10-13 13:10:34 - [MESSAGE][PASSED] - Object: 'Object Repository/CERTPAY_QUICKSTI/Payment_Information_Page/EXP_MONTH' is clicked on

2020-10-13 13:10:35 - [MESSAGE][PASSED] - All options with label '03' are selected in object 'Object Repository/CERTPAY_QUICKSTI/Payment_Information_Page/EXP_MONTH'  using regular expression

2020-10-13 13:10:35 - [MESSAGE][PASSED] - selected dropdown option by visible text  03from expMonth

2020-10-13 13:10:36 - [MESSAGE][PASSED] - Object 'Object Repository/CERTPAY_QUICKSTI/Payment_Information_Page/EXP_YEAR' is visible

2020-10-13 13:10:36 - [MESSAGE][PASSED] - Object 'Object Repository/CERTPAY_QUICKSTI/Payment_Information_Page/EXP_YEAR' is present

2020-10-13 13:10:37 - [MESSAGE][PASSED] - Object: 'Object Repository/CERTPAY_QUICKSTI/Payment_Information_Page/EXP_YEAR' is clicked on

2020-10-13 13:10:39 - [MESSAGE][PASSED] - All options with label '2022' are selected in object 'Object Repository/CERTPAY_QUICKSTI/Payment_Information_Page/EXP_YEAR'  using regular expression

2020-10-13 13:10:39 - [MESSAGE][PASSED] - selected dropdown option by visible text  2022from  expYear

2020-10-13 13:10:39 - [MESSAGE][PASSED] - Object 'Object Repository/CERTPAY_QUICKSTI/Payment_Information_Page/SECURITY_CODE' is present

2020-10-13 13:10:39 - [MESSAGE][PASSED] - Object 'Object Repository/CERTPAY_QUICKSTI/Payment_Information_Page/SECURITY_CODE' is visible

2020-10-13 13:10:39 - [MESSAGE][PASSED] - Object 'Object Repository/CERTPAY_QUICKSTI/Payment_Information_Page/SECURITY_CODE' is present

2020-10-13 13:10:41 - [MESSAGE][PASSED] - Text '207' is set on object 'Object Repository/CERTPAY_QUICKSTI/Payment_Information_Page/SECURITY_CODE'

2020-10-13 13:10:41 - [MESSAGE][PASSED] - Quicksti_Sameday_PartialRefund_Admin.ts:Entered'207 into securityCode

2020-10-13 13:10:41 - [TEST_STEP][PASSED] - pages.Quicksti.setPaymentAmountDetailsForSinglePayment(paymentAmount, quantity): Quicksti_Sameday_PartialRefund_Admin.ts:Entered'1 into Quantity

2020-10-13 13:10:41 - [MESSAGE][PASSED] - Object 'Object Repository/CERTPAY_QUICKSTI/Payment_Information_Page/PAYMENT_AMOUNT' is present

2020-10-13 13:10:41 - [MESSAGE][PASSED] - Object 'Object Repository/CERTPAY_QUICKSTI/Payment_Information_Page/PAYMENT_AMOUNT' is visible

2020-10-13 13:10:42 - [MESSAGE][PASSED] - Object 'Object Repository/CERTPAY_QUICKSTI/Payment_Information_Page/PAYMENT_AMOUNT' is present

2020-10-13 13:10:43 - [MESSAGE][PASSED] - Text '20.00' is set on object 'Object Repository/CERTPAY_QUICKSTI/Payment_Information_Page/PAYMENT_AMOUNT'

2020-10-13 13:10:43 - [MESSAGE][PASSED] - Quicksti_Sameday_PartialRefund_Admin.ts:Entered'20.00 into amount

2020-10-13 13:10:43 - [MESSAGE][PASSED] - Object 'Object Repository/CERTPAY_QUICKSTI/Payment_Information_Page/QUANTITY' is present

2020-10-13 13:10:44 - [MESSAGE][PASSED] - Object 'Object Repository/CERTPAY_QUICKSTI/Payment_Information_Page/QUANTITY' is visible

2020-10-13 13:10:44 - [MESSAGE][PASSED] - Object 'Object Repository/CERTPAY_QUICKSTI/Payment_Information_Page/QUANTITY' is present

2020-10-13 13:10:45 - [MESSAGE][PASSED] - Text '1' is set on object 'Object Repository/CERTPAY_QUICKSTI/Payment_Information_Page/QUANTITY'

2020-10-13 13:10:45 - [MESSAGE][PASSED] - Quicksti_Sameday_PartialRefund_Admin.ts:Entered'1 into Quantity

2020-10-13 13:10:45 - [TEST_STEP][PASSED] - utilities.SafeActions.safeType(findTestObject("CERTPAY_QUICKSTI/Payment_Information_Page/REFRENCE_NUMBER"), referenceNum, "Reference Number", [pageLoadTime]): Quicksti_Sameday_PartialRefund_Admin.ts:Entered'11 into Reference Number

2020-10-13 13:10:46 - [MESSAGE][PASSED] - Object 'Object Repository/CERTPAY_QUICKSTI/Payment_Information_Page/REFRENCE_NUMBER' is present

2020-10-13 13:10:46 - [MESSAGE][PASSED] - Object 'Object Repository/CERTPAY_QUICKSTI/Payment_Information_Page/REFRENCE_NUMBER' is visible

2020-10-13 13:10:46 - [MESSAGE][PASSED] - Object 'Object Repository/CERTPAY_QUICKSTI/Payment_Information_Page/REFRENCE_NUMBER' is present

2020-10-13 13:10:48 - [MESSAGE][PASSED] - Text '11' is set on object 'Object Repository/CERTPAY_QUICKSTI/Payment_Information_Page/REFRENCE_NUMBER'

2020-10-13 13:10:48 - [MESSAGE][PASSED] - Quicksti_Sameday_PartialRefund_Admin.ts:Entered'11 into Reference Number

2020-10-13 13:10:48 - [TEST_STEP][PASSED] - amount_Value = pages.Quicksti.getAttributeValue(findTestObject("CERTPAY_QUICKSTI/Payment_Information_Page/SUB_TOTAL")): pages.Quicksti.getAttributeValue is PASSED

2020-10-13 13:10:48 - [MESSAGE][PASSED] - Attribute 'value' of object 'Object Repository/CERTPAY_QUICKSTI/Payment_Information_Page/SUB_TOTAL' is: '20.00'

2020-10-13 13:10:48 - [MESSAGE][PASSED] - pages.Quicksti.getAttributeValue is PASSED

2020-10-13 13:10:48 - [TEST_STEP][PASSED] - utilities.SafeActions.safeType(findTestObject("CERTPAY_QUICKSTI/Payment_Information_Page/COMMENTS"), "Testing", "Comments", [pageLoadTime]): Quicksti_Sameday_PartialRefund_Admin.ts:Entered'Testing into Comments

2020-10-13 13:10:48 - [MESSAGE][PASSED] - Object 'Object Repository/CERTPAY_QUICKSTI/Payment_Information_Page/COMMENTS' is present

2020-10-13 13:10:49 - [MESSAGE][PASSED] - Object 'Object Repository/CERTPAY_QUICKSTI/Payment_Information_Page/COMMENTS' is visible

2020-10-13 13:10:49 - [MESSAGE][PASSED] - Object 'Object Repository/CERTPAY_QUICKSTI/Payment_Information_Page/COMMENTS' is present

2020-10-13 13:10:50 - [MESSAGE][PASSED] - Text 'Testing' is set on object 'Object Repository/CERTPAY_QUICKSTI/Payment_Information_Page/COMMENTS'

2020-10-13 13:10:50 - [MESSAGE][PASSED] - Quicksti_Sameday_PartialRefund_Admin.ts:Entered'Testing into Comments

2020-10-13 13:10:50 - [TEST_STEP][PASSED] - utilities.SafeActions.safeType(findTestObject("CERTPAY_QUICKSTI/Payment_Information_Page/ADDRESS"), address, "Address", [pageLoadTime]): Quicksti_Sameday_PartialRefund_Admin.ts:Entered'14-2 into Address

2020-10-13 13:10:51 - [MESSAGE][PASSED] - Object 'Object Repository/CERTPAY_QUICKSTI/Payment_Information_Page/ADDRESS' is present

2020-10-13 13:10:51 - [MESSAGE][PASSED] - Object 'Object Repository/CERTPAY_QUICKSTI/Payment_Information_Page/ADDRESS' is visible

2020-10-13 13:10:51 - [MESSAGE][PASSED] - Object 'Object Repository/CERTPAY_QUICKSTI/Payment_Information_Page/ADDRESS' is present

2020-10-13 13:10:52 - [MESSAGE][PASSED] - Text '14-2' is set on object 'Object Repository/CERTPAY_QUICKSTI/Payment_Information_Page/ADDRESS'

2020-10-13 13:10:52 - [MESSAGE][PASSED] - Quicksti_Sameday_PartialRefund_Admin.ts:Entered'14-2 into Address

2020-10-13 13:10:52 - [TEST_STEP][PASSED] - utilities.SafeActions.safeType(findTestObject("CERTPAY_QUICKSTI/Payment_Information_Page/ZIP_CODE"), zipCode, "zipcode", [pageLoadTime]): Quicksti_Sameday_PartialRefund_Admin.ts:Entered'76102 into zipcode

2020-10-13 13:10:53 - [MESSAGE][PASSED] - Object 'Object Repository/CERTPAY_QUICKSTI/Payment_Information_Page/ZIP_CODE' is present

2020-10-13 13:10:53 - [MESSAGE][PASSED] - Object 'Object Repository/CERTPAY_QUICKSTI/Payment_Information_Page/ZIP_CODE' is visible

2020-10-13 13:10:53 - [MESSAGE][PASSED] - Object 'Object Repository/CERTPAY_QUICKSTI/Payment_Information_Page/ZIP_CODE' is present

2020-10-13 13:10:55 - [MESSAGE][PASSED] - Text '76102' is set on object 'Object Repository/CERTPAY_QUICKSTI/Payment_Information_Page/ZIP_CODE'

2020-10-13 13:10:55 - [MESSAGE][PASSED] - Quicksti_Sameday_PartialRefund_Admin.ts:Entered'76102 into zipcode

2020-10-13 13:10:55 - [TEST_STEP][PASSED] - utilities.SafeActions.safeType(findTestObject("CERTPAY_QUICKSTI/Payment_Information_Page/TELEPHONE"), telephone, "Telephone", [pageLoadTime]): Quicksti_Sameday_PartialRefund_Admin.ts:Entered'9988776655 into Telephone

2020-10-13 13:10:55 - [MESSAGE][PASSED] - Object 'Object Repository/CERTPAY_QUICKSTI/Payment_Information_Page/TELEPHONE' is present

2020-10-13 13:10:55 - [MESSAGE][PASSED] - Object 'Object Repository/CERTPAY_QUICKSTI/Payment_Information_Page/TELEPHONE' is visible

2020-10-13 13:10:56 - [MESSAGE][PASSED] - Object 'Object Repository/CERTPAY_QUICKSTI/Payment_Information_Page/TELEPHONE' is present

2020-10-13 13:10:57 - [MESSAGE][PASSED] - Text '9988776655' is set on object 'Object Repository/CERTPAY_QUICKSTI/Payment_Information_Page/TELEPHONE'

2020-10-13 13:10:57 - [MESSAGE][PASSED] - Quicksti_Sameday_PartialRefund_Admin.ts:Entered'9988776655 into Telephone

2020-10-13 13:10:57 - [TEST_STEP][PASSED] - utilities.SafeActions.safeType(findTestObject("CERTPAY_QUICKSTI/Payment_Information_Page/EMAIL_ADDRESS"), emailAddress, "EMAIL address", [pageLoadTime]): Quicksti_Sameday_PartialRefund_Admin.ts:Entered'testing@zenq.com into EMAIL address

2020-10-13 13:10:57 - [MESSAGE][PASSED] - Object 'Object Repository/CERTPAY_QUICKSTI/Payment_Information_Page/EMAIL_ADDRESS' is present

2020-10-13 13:10:58 - [MESSAGE][PASSED] - Object 'Object Repository/CERTPAY_QUICKSTI/Payment_Information_Page/EMAIL_ADDRESS' is visible

2020-10-13 13:10:58 - [MESSAGE][PASSED] - Object 'Object Repository/CERTPAY_QUICKSTI/Payment_Information_Page/EMAIL_ADDRESS' is present

2020-10-13 13:10:59 - [MESSAGE][PASSED] - Text 'testing@zenq.com' is set on object 'Object Repository/CERTPAY_QUICKSTI/Payment_Information_Page/EMAIL_ADDRESS'

2020-10-13 13:10:59 - [MESSAGE][PASSED] - Quicksti_Sameday_PartialRefund_Admin.ts:Entered'testing@zenq.com into EMAIL address

2020-10-13 13:10:59 - [TEST_STEP][PASSED] - utilities.SafeActions.safeClick(findTestObject("CERTPAY_QUICKSTI/Payment_Information_Page/NEXT_BUTTON"), "Next", [pageLoadTime]): Quicksti_Sameday_PartialRefund_Admin.ts:Clicked on the Next

2020-10-13 13:10:59 - [MESSAGE][INFO] - safeClicking

2020-10-13 13:11:00 - [MESSAGE][PASSED] - Object 'Object Repository/CERTPAY_QUICKSTI/Payment_Information_Page/NEXT_BUTTON' is present

2020-10-13 13:11:00 - [MESSAGE][PASSED] - Object 'Object Repository/CERTPAY_QUICKSTI/Payment_Information_Page/NEXT_BUTTON' is clickable

2020-10-13 13:11:03 - [MESSAGE][PASSED] - Object: 'Object Repository/CERTPAY_QUICKSTI/Payment_Information_Page/NEXT_BUTTON' is clicked on

2020-10-13 13:11:03 - [MESSAGE][PASSED] - Quicksti_Sameday_PartialRefund_Admin.ts:Clicked on the Next

2020-10-13 13:11:03 - [TEST_STEP][PASSED] - pages.Quicksti.verifyUserPaymentDetails(paymentAmount, firstName, lastName, CardNumber): pages.Quicksti.verifyUserPaymentDetails is PASSED

2020-10-13 13:11:03 - [MESSAGE][PASSED] - Text of object 'Object Repository/CERTPAY_QUICKSTI/Payment_Details_Verification_Page/AMOUNT' is: '$20.00'

2020-10-13 13:11:03 - [MESSAGE][PASSED] - Actual text '20.00' and expected text '20.00' are matched  using regular expression

2020-10-13 13:11:04 - [MESSAGE][PASSED] - Text of object 'Object Repository/CERTPAY_QUICKSTI/Payment_Details_Verification_Page/NAME' is: 'Tester Zenq1'

2020-10-13 13:11:04 - [MESSAGE][PASSED] - Actual text 'Tester Zenq1' and expected text 'Tester Zenq1' are matched  using regular expression

2020-10-13 13:11:04 - [MESSAGE][PASSED] - Text of object 'Object Repository/CERTPAY_QUICKSTI/Payment_Details_Verification_Page/CARD_NUMBER' is: '...0135'

2020-10-13 13:11:04 - [MESSAGE][PASSED] - Actual text '0135' and expected text '0135' are matched  using regular expression

2020-10-13 13:11:04 - [MESSAGE][PASSED] - pages.Quicksti.verifyUserPaymentDetails is PASSED

2020-10-13 13:11:04 - [TEST_STEP][PASSED] - delay(2): Delayed 2 second(s)

2020-10-13 13:11:06 - [MESSAGE][PASSED] - Delayed 2 second(s)

2020-10-13 13:11:06 - [TEST_STEP][PASSED] - scrollToElement(findTestObject("CERTPAY_QUICKSTI/Payment_Details_Verification_Page/PROCESS"), 30): Scroll to object 'Object Repository/CERTPAY_QUICKSTI/Payment_Details_Verification_Page/PROCESS' successfully

2020-10-13 13:11:07 - [MESSAGE][PASSED] - Scroll to object 'Object Repository/CERTPAY_QUICKSTI/Payment_Details_Verification_Page/PROCESS' successfully

2020-10-13 13:11:07 - [TEST_STEP][PASSED] - utilities.SafeActions.safeClick(findTestObject("CERTPAY_QUICKSTI/Payment_Details_Verification_Page/PROCESS"), "Process", [pageLoadTime]): Quicksti_Sameday_PartialRefund_Admin.ts:Clicked on the Process

2020-10-13 13:11:07 - [MESSAGE][INFO] - safeClicking

2020-10-13 13:11:07 - [MESSAGE][PASSED] - Object 'Object Repository/CERTPAY_QUICKSTI/Payment_Details_Verification_Page/PROCESS' is present

2020-10-13 13:11:07 - [MESSAGE][PASSED] - Object 'Object Repository/CERTPAY_QUICKSTI/Payment_Details_Verification_Page/PROCESS' is clickable

2020-10-13 13:11:11 - [MESSAGE][PASSED] - Object: 'Object Repository/CERTPAY_QUICKSTI/Payment_Details_Verification_Page/PROCESS' is clicked on

2020-10-13 13:11:11 - [MESSAGE][PASSED] - Quicksti_Sameday_PartialRefund_Admin.ts:Clicked on the Process

2020-10-13 13:11:11 - [TEST_STEP][PASSED] - paymentId = pages.Quicksti.verifyPaymentApproval(findTestObject("CERTPAY_QUICKSTI/Payment_Details_Verification_Page/APPROVED")): Payment is approved

2020-10-13 13:11:12 - [MESSAGE][PASSED] - Text of object 'Object Repository/CERTPAY_QUICKSTI/Payment_Details_Verification_Page/PAYMENT_ID' is: '100176127514'

2020-10-13 13:11:12 - [MESSAGE][PASSED] - Object 'Object Repository/CERTPAY_QUICKSTI/Payment_Details_Verification_Page/APPROVED' is present

2020-10-13 13:11:12 - [MESSAGE][PASSED] - Payment is approved

2020-10-13 13:11:14 - [TEST_STEP][PASSED] - navigateToUrl(Admin_url): Navigate to 'https://qa-certpayadmin.faps.net' successfully

2020-10-13 13:11:18 - [MESSAGE][PASSED] - Navigate to 'https://qa-certpayadmin.faps.net' successfully

2020-10-13 13:11:18 - [TEST_STEP][PASSED] - pages.Bureau_Login_Page.loginToAdminSite(AdminUsername, AdminPassword): Quicksti_Sameday_PartialRefund_Admin.ts:Clicked on the LOGIN

2020-10-13 13:11:19 - [MESSAGE][PASSED] - Object 'Object Repository/CERTPAY_ADMIN/USER_NAME' is present

2020-10-13 13:11:19 - [MESSAGE][PASSED] - Object 'Object Repository/CERTPAY_ADMIN/USER_NAME' is visible

2020-10-13 13:11:20 - [MESSAGE][PASSED] - Object 'Object Repository/CERTPAY_ADMIN/USER_NAME' is present

2020-10-13 13:11:21 - [MESSAGE][PASSED] - Text 'VVangiliappan' is set on object 'Object Repository/CERTPAY_ADMIN/USER_NAME'

2020-10-13 13:11:21 - [MESSAGE][PASSED] - Quicksti_Sameday_PartialRefund_Admin.ts:Entered'VVangiliappan into username

2020-10-13 13:11:21 - [MESSAGE][PASSED] - Object 'Object Repository/CERTPAY_ADMIN/PASSWORD' is present

2020-10-13 13:11:21 - [MESSAGE][PASSED] - Object 'Object Repository/CERTPAY_ADMIN/PASSWORD' is visible

2020-10-13 13:11:22 - [MESSAGE][PASSED] - Object 'Object Repository/CERTPAY_ADMIN/PASSWORD' is present

2020-10-13 13:11:23 - [MESSAGE][PASSED] - Text 'Test@123' is set on object 'Object Repository/CERTPAY_ADMIN/PASSWORD'

2020-10-13 13:11:23 - [MESSAGE][PASSED] - Quicksti_Sameday_PartialRefund_Admin.ts:Entered'Test@123 into password

2020-10-13 13:11:23 - [MESSAGE][INFO] - safeClicking

2020-10-13 13:11:23 - [MESSAGE][PASSED] - Object 'Object Repository/CERTPAY_ADMIN/LOGIN_BUTTON' is present

2020-10-13 13:11:24 - [MESSAGE][PASSED] - Object 'Object Repository/CERTPAY_ADMIN/LOGIN_BUTTON' is clickable

2020-10-13 13:11:33 - [MESSAGE][PASSED] - Object: 'Object Repository/CERTPAY_ADMIN/LOGIN_BUTTON' is clicked on

2020-10-13 13:11:33 - [MESSAGE][PASSED] - Quicksti_Sameday_PartialRefund_Admin.ts:Clicked on the LOGIN

2020-10-13 13:11:33 - [TEST_STEP][PASSED] - utilities.SafeActions.safeClick(findTestObject("CERTPAY_ADMIN/TRANSACTION_MENU"), "TransactionMenu", [pageLoadTime]): Quicksti_Sameday_PartialRefund_Admin.ts:Clicked on the TransactionMenu

2020-10-13 13:11:33 - [MESSAGE][INFO] - safeClicking

2020-10-13 13:11:33 - [MESSAGE][PASSED] - Object 'Object Repository/CERTPAY_ADMIN/TRANSACTION_MENU' is present

2020-10-13 13:11:33 - [MESSAGE][PASSED] - Object 'Object Repository/CERTPAY_ADMIN/TRANSACTION_MENU' is clickable

2020-10-13 13:11:34 - [MESSAGE][PASSED] - Object: 'Object Repository/CERTPAY_ADMIN/TRANSACTION_MENU' is clicked on

2020-10-13 13:11:34 - [MESSAGE][PASSED] - Quicksti_Sameday_PartialRefund_Admin.ts:Clicked on the TransactionMenu

2020-10-13 13:11:34 - [TEST_STEP][PASSED] - utilities.SafeActions.safeClick(findTestObject("CERTPAY_ADMIN/TRANSACTION_SEARCH"), "TransactionSearch", [pageLoadTime]): Quicksti_Sameday_PartialRefund_Admin.ts:Clicked on the TransactionSearch

2020-10-13 13:11:35 - [MESSAGE][INFO] - safeClicking

2020-10-13 13:11:35 - [MESSAGE][PASSED] - Object 'Object Repository/CERTPAY_ADMIN/TRANSACTION_SEARCH' is present

2020-10-13 13:11:35 - [MESSAGE][PASSED] - Object 'Object Repository/CERTPAY_ADMIN/TRANSACTION_SEARCH' is clickable

2020-10-13 13:11:38 - [MESSAGE][PASSED] - Object: 'Object Repository/CERTPAY_ADMIN/TRANSACTION_SEARCH' is clicked on

2020-10-13 13:11:38 - [MESSAGE][PASSED] - Quicksti_Sameday_PartialRefund_Admin.ts:Clicked on the TransactionSearch

2020-10-13 13:11:38 - [TEST_STEP][PASSED] - utilities.SafeActions.safeType(findTestObject("CERTPAY_ADMIN/PAYMENT_ID"), paymentId, "Payment id", [pageLoadTime]): Quicksti_Sameday_PartialRefund_Admin.ts:Entered'100176127514 into Payment id

2020-10-13 13:11:38 - [MESSAGE][PASSED] - Object 'Object Repository/CERTPAY_ADMIN/PAYMENT_ID' is present

2020-10-13 13:11:39 - [MESSAGE][PASSED] - Object 'Object Repository/CERTPAY_ADMIN/PAYMENT_ID' is visible

2020-10-13 13:11:39 - [MESSAGE][PASSED] - Object 'Object Repository/CERTPAY_ADMIN/PAYMENT_ID' is present

2020-10-13 13:11:40 - [MESSAGE][PASSED] - Text '100176127514' is set on object 'Object Repository/CERTPAY_ADMIN/PAYMENT_ID'

2020-10-13 13:11:40 - [MESSAGE][PASSED] - Quicksti_Sameday_PartialRefund_Admin.ts:Entered'100176127514 into Payment id

2020-10-13 13:11:40 - [TEST_STEP][PASSED] - utilities.SafeActions.safeClick(findTestObject("CERTPAY_ADMIN/GO_BUTTON"), "Go button", [pageLoadTime]): Quicksti_Sameday_PartialRefund_Admin.ts:Clicked on the Go button

2020-10-13 13:11:40 - [MESSAGE][INFO] - safeClicking

2020-10-13 13:11:41 - [MESSAGE][PASSED] - Object 'Object Repository/CERTPAY_ADMIN/GO_BUTTON' is present

2020-10-13 13:11:41 - [MESSAGE][PASSED] - Object 'Object Repository/CERTPAY_ADMIN/GO_BUTTON' is clickable

2020-10-13 13:11:43 - [MESSAGE][PASSED] - Object: 'Object Repository/CERTPAY_ADMIN/GO_BUTTON' is clicked on

2020-10-13 13:11:43 - [MESSAGE][PASSED] - Quicksti_Sameday_PartialRefund_Admin.ts:Clicked on the Go button

2020-10-13 13:11:43 - [TEST_STEP][PASSED] - delay(3): Delayed 3 second(s)

2020-10-13 13:11:46 - [MESSAGE][PASSED] - Delayed 3 second(s)

2020-10-13 13:11:46 - [TEST_STEP][PASSED] - paymentIdList.add(paymentId): null

2020-10-13 13:11:46 - [TEST_STEP][PASSED] - println(paymentIdList): null

2020-10-13 13:11:46 - [TEST_STEP][PASSED] - utilities.SafeActions.safeClick(findTestObject("CERTPAY_ADMIN/ACTIONS_BUTTON"), "Actions button", [pageLoadTime]): Quicksti_Sameday_PartialRefund_Admin.ts:Clicked on the Actions button

2020-10-13 13:11:46 - [MESSAGE][INFO] - safeClicking

2020-10-13 13:11:47 - [MESSAGE][PASSED] - Object 'Object Repository/CERTPAY_ADMIN/ACTIONS_BUTTON' is present

2020-10-13 13:11:47 - [MESSAGE][PASSED] - Object 'Object Repository/CERTPAY_ADMIN/ACTIONS_BUTTON' is clickable

2020-10-13 13:11:48 - [MESSAGE][PASSED] - Object: 'Object Repository/CERTPAY_ADMIN/ACTIONS_BUTTON' is clicked on

2020-10-13 13:11:48 - [MESSAGE][PASSED] - Quicksti_Sameday_PartialRefund_Admin.ts:Clicked on the Actions button

2020-10-13 13:11:48 - [TEST_STEP][PASSED] - utilities.SafeActions.safeClick(findTestObject("CERTPAY_ADMIN/REFUND_MENU"), "Refund Menu", [pageLoadTime]): Quicksti_Sameday_PartialRefund_Admin.ts:Clicked on the Refund Menu

2020-10-13 13:11:48 - [MESSAGE][INFO] - safeClicking

2020-10-13 13:11:49 - [MESSAGE][PASSED] - Object 'Object Repository/CERTPAY_ADMIN/REFUND_MENU' is present

2020-10-13 13:11:49 - [MESSAGE][PASSED] - Object 'Object Repository/CERTPAY_ADMIN/REFUND_MENU' is clickable

2020-10-13 13:11:50 - [MESSAGE][PASSED] - Object: 'Object Repository/CERTPAY_ADMIN/REFUND_MENU' is clicked on

2020-10-13 13:11:50 - [MESSAGE][PASSED] - Quicksti_Sameday_PartialRefund_Admin.ts:Clicked on the Refund Menu

2020-10-13 13:11:50 - [TEST_STEP][PASSED] - delay(2): Delayed 2 second(s)

2020-10-13 13:11:52 - [MESSAGE][PASSED] - Delayed 2 second(s)

2020-10-13 13:11:52 - [TEST_STEP][PASSED] - utilities.SafeActions.safeClick(findTestObject("CERTPAY_ADMIN/CREDIT_RETURN"), "Credit Return", [pageLoadTime]): Quicksti_Sameday_PartialRefund_Admin.ts:Clicked on the Credit Return

2020-10-13 13:11:52 - [MESSAGE][INFO] - safeClicking

2020-10-13 13:11:53 - [MESSAGE][PASSED] - Object 'Object Repository/CERTPAY_ADMIN/CREDIT_RETURN' is present

2020-10-13 13:11:53 - [MESSAGE][PASSED] - Object 'Object Repository/CERTPAY_ADMIN/CREDIT_RETURN' is clickable

2020-10-13 13:11:54 - [MESSAGE][PASSED] - Object: 'Object Repository/CERTPAY_ADMIN/CREDIT_RETURN' is clicked on

2020-10-13 13:11:54 - [MESSAGE][PASSED] - Quicksti_Sameday_PartialRefund_Admin.ts:Clicked on the Credit Return

2020-10-13 13:11:54 - [TEST_STEP][PASSED] - utilities.SafeActions.safeType(findTestObject("Object Repository/CERTPAY_ADMIN/REFUND_AMOUNT"), RefundAmount, "Payment id", [pageLoadTime]): Quicksti_Sameday_PartialRefund_Admin.ts:Entered'12.00 into Payment id

2020-10-13 13:11:54 - [MESSAGE][PASSED] - Object 'Object Repository/CERTPAY_ADMIN/REFUND_AMOUNT' is present

2020-10-13 13:11:55 - [MESSAGE][PASSED] - Object 'Object Repository/CERTPAY_ADMIN/REFUND_AMOUNT' is visible

2020-10-13 13:11:55 - [MESSAGE][PASSED] - Object 'Object Repository/CERTPAY_ADMIN/REFUND_AMOUNT' is present

2020-10-13 13:11:56 - [MESSAGE][PASSED] - Text '12.00' is set on object 'Object Repository/CERTPAY_ADMIN/REFUND_AMOUNT'

2020-10-13 13:11:56 - [MESSAGE][PASSED] - Quicksti_Sameday_PartialRefund_Admin.ts:Entered'12.00 into Payment id

2020-10-13 13:11:56 - [TEST_STEP][PASSED] - utilities.SafeActions.safeClick(findTestObject("Object Repository/CERTPAY_ADMIN/PROCESS_REVERSAL"), "Process Reversal", [pageLoadTime]): Quicksti_Sameday_PartialRefund_Admin.ts:Clicked on the Process Reversal

2020-10-13 13:11:56 - [MESSAGE][INFO] - safeClicking

2020-10-13 13:11:57 - [MESSAGE][PASSED] - Object 'Object Repository/CERTPAY_ADMIN/PROCESS_REVERSAL' is present

2020-10-13 13:11:57 - [MESSAGE][PASSED] - Object 'Object Repository/CERTPAY_ADMIN/PROCESS_REVERSAL' is clickable

2020-10-13 13:11:58 - [MESSAGE][PASSED] - Object: 'Object Repository/CERTPAY_ADMIN/PROCESS_REVERSAL' is clicked on

2020-10-13 13:11:58 - [MESSAGE][PASSED] - Quicksti_Sameday_PartialRefund_Admin.ts:Clicked on the Process Reversal

2020-10-13 13:11:58 - [TEST_STEP][PASSED] - delay(2): Delayed 2 second(s)

2020-10-13 13:12:00 - [MESSAGE][PASSED] - Delayed 2 second(s)

2020-10-13 13:12:00 - [TEST_STEP][PASSED] - firstName = data.getValue("FirstName", index): null

2020-10-13 13:12:00 - [TEST_STEP][PASSED] - lastName = data.getValue("LastName", index): null

2020-10-13 13:12:00 - [TEST_STEP][PASSED] - expMonth = data.getValue("ExpMonth", index): null

2020-10-13 13:12:00 - [TEST_STEP][PASSED] - expYear = data.getValue("ExpYear", index): null

2020-10-13 13:12:00 - [TEST_STEP][PASSED] - securityCode = data.getValue("SecurityCode", index): null

2020-10-13 13:12:00 - [TEST_STEP][PASSED] - paymentAmount = data.getValue("PaymentAmount", index): null

2020-10-13 13:12:00 - [TEST_STEP][PASSED] - paymentType = data.getValue("PaymentType", index): null

2020-10-13 13:12:00 - [TEST_STEP][PASSED] - quantity = data.getValue("Quantity", index): null

2020-10-13 13:12:00 - [TEST_STEP][PASSED] - comments = data.getValue("Comments", index): null

2020-10-13 13:12:00 - [TEST_STEP][PASSED] - referenceNum = data.getValue("ReferenceNum", index): null

2020-10-13 13:12:00 - [TEST_STEP][PASSED] - address = data.getValue("Address", index): null

2020-10-13 13:12:00 - [TEST_STEP][PASSED] - zipCode = data.getValue("Zipcode", index): null

2020-10-13 13:12:00 - [TEST_STEP][PASSED] - telephone = data.getValue("Telephone", index): null

2020-10-13 13:12:00 - [TEST_STEP][PASSED] - emailAddress = data.getValue("EmailAddress", index): null

2020-10-13 13:12:00 - [TEST_STEP][PASSED] - cardNum = data.getValue("CardNumber", index): null

2020-10-13 13:12:00 - [TEST_STEP][PASSED] - cardType = data.getValue("CardType", index): null

2020-10-13 13:12:00 - [TEST_STEP][PASSED] - RefundAmount = data.getValue("RefundAmount", index): null

2020-10-13 13:12:00 - [TEST_STEP][PASSED] - utilities.SafeActions.openBrowser(Quicksti_Url, [pageLoadTime]): Browser launched successfully

2020-10-13 13:12:00 - [MESSAGE][INFO] - Opening Browser

2020-10-13 13:12:00 - [MESSAGE][WARNING] - A browser is already opened. Closing browser and opening a new one

2020-10-13 13:12:02 - [MESSAGE][INFO] - Starting 'Chrome' driver

2020-10-13 13:12:11 - [MESSAGE][PASSED] - Browser is opened with url: 'https://qa-certpayquicksti.faps.net/'

2020-10-13 13:12:13 - [MESSAGE][PASSED] - Current window maximized

2020-10-13 13:12:13 - [MESSAGE][PASSED] - Browser launched successfully

2020-10-13 13:12:13 - [TEST_STEP][PASSED] - utilities.SafeActions.safeType(findTestObject("CERTPAY_QUICKSTI/Login_ Page/BUREAU_CODE"), bureau_code, "Bureau code", [pageLoadTime]): Quicksti_Sameday_PartialRefund_Admin.ts:Entered'6100000 into Bureau code

2020-10-13 13:12:14 - [MESSAGE][PASSED] - Object 'Object Repository/CERTPAY_QUICKSTI/Login_ Page/BUREAU_CODE' is present

2020-10-13 13:12:14 - [MESSAGE][PASSED] - Object 'Object Repository/CERTPAY_QUICKSTI/Login_ Page/BUREAU_CODE' is visible

2020-10-13 13:12:14 - [MESSAGE][PASSED] - Object 'Object Repository/CERTPAY_QUICKSTI/Login_ Page/BUREAU_CODE' is present

2020-10-13 13:12:15 - [MESSAGE][PASSED] - Text '6100000' is set on object 'Object Repository/CERTPAY_QUICKSTI/Login_ Page/BUREAU_CODE'

2020-10-13 13:12:15 - [MESSAGE][PASSED] - Quicksti_Sameday_PartialRefund_Admin.ts:Entered'6100000 into Bureau code

2020-10-13 13:12:15 - [TEST_STEP][PASSED] - utilities.SafeActions.safeType(findTestObject("CERTPAY_QUICKSTI/Login_ Page/TELLER_ID"), teller_id, "Bureau code", [pageLoadTime]): Quicksti_Sameday_PartialRefund_Admin.ts:Entered'zenq into Bureau code

2020-10-13 13:12:16 - [MESSAGE][PASSED] - Object 'Object Repository/CERTPAY_QUICKSTI/Login_ Page/TELLER_ID' is present

2020-10-13 13:12:16 - [MESSAGE][PASSED] - Object 'Object Repository/CERTPAY_QUICKSTI/Login_ Page/TELLER_ID' is visible

2020-10-13 13:12:16 - [MESSAGE][PASSED] - Object 'Object Repository/CERTPAY_QUICKSTI/Login_ Page/TELLER_ID' is present

2020-10-13 13:12:18 - [MESSAGE][PASSED] - Text 'zenq' is set on object 'Object Repository/CERTPAY_QUICKSTI/Login_ Page/TELLER_ID'

2020-10-13 13:12:18 - [MESSAGE][PASSED] - Quicksti_Sameday_PartialRefund_Admin.ts:Entered'zenq into Bureau code

2020-10-13 13:12:18 - [TEST_STEP][PASSED] - utilities.SafeActions.safeClick(findTestObject("CERTPAY_QUICKSTI/Login_ Page/NEXT_BUTTON"), "Next button", [pageLoadTime]): Quicksti_Sameday_PartialRefund_Admin.ts:Clicked on the Next button

2020-10-13 13:12:18 - [MESSAGE][INFO] - safeClicking

2020-10-13 13:12:18 - [MESSAGE][PASSED] - Object 'Object Repository/CERTPAY_QUICKSTI/Login_ Page/NEXT_BUTTON' is present

2020-10-13 13:12:18 - [MESSAGE][PASSED] - Object 'Object Repository/CERTPAY_QUICKSTI/Login_ Page/NEXT_BUTTON' is clickable

2020-10-13 13:12:23 - [MESSAGE][PASSED] - Object: 'Object Repository/CERTPAY_QUICKSTI/Login_ Page/NEXT_BUTTON' is clicked on

2020-10-13 13:12:23 - [MESSAGE][PASSED] - Quicksti_Sameday_PartialRefund_Admin.ts:Clicked on the Next button

2020-10-13 13:12:23 - [TEST_STEP][PASSED] - utilities.SafeActions.safeClick(findTestObject("CERTPAY_QUICKSTI/Payment_Information_Page/MANUAL_ENTRY_BUTTON"), "ManualEntry", [pageLoadTime]): Quicksti_Sameday_PartialRefund_Admin.ts:Clicked on the ManualEntry

2020-10-13 13:12:23 - [MESSAGE][INFO] - safeClicking

2020-10-13 13:12:23 - [MESSAGE][PASSED] - Object 'Object Repository/CERTPAY_QUICKSTI/Payment_Information_Page/MANUAL_ENTRY_BUTTON' is present

2020-10-13 13:12:23 - [MESSAGE][PASSED] - Object 'Object Repository/CERTPAY_QUICKSTI/Payment_Information_Page/MANUAL_ENTRY_BUTTON' is clickable

2020-10-13 13:12:27 - [MESSAGE][PASSED] - Object: 'Object Repository/CERTPAY_QUICKSTI/Payment_Information_Page/MANUAL_ENTRY_BUTTON' is clicked on

2020-10-13 13:12:27 - [MESSAGE][PASSED] - Quicksti_Sameday_PartialRefund_Admin.ts:Clicked on the ManualEntry

2020-10-13 13:12:27 - [TEST_STEP][PASSED] - CardNumber = pages.Quicksti.setUserPaymentDetails(firstName, lastName, cardNum): Quicksti_Sameday_PartialRefund_Admin.ts:Entered'5154623208647646 into CardNum

2020-10-13 13:12:27 - [MESSAGE][PASSED] - Object 'Object Repository/CERTPAY_QUICKSTI/Payment_Information_Page/FIRST_NAME' is present

2020-10-13 13:12:27 - [MESSAGE][PASSED] - Object 'Object Repository/CERTPAY_QUICKSTI/Payment_Information_Page/FIRST_NAME' is visible

2020-10-13 13:12:28 - [MESSAGE][PASSED] - Object 'Object Repository/CERTPAY_QUICKSTI/Payment_Information_Page/FIRST_NAME' is present

2020-10-13 13:12:29 - [MESSAGE][PASSED] - Text 'Tester' is set on object 'Object Repository/CERTPAY_QUICKSTI/Payment_Information_Page/FIRST_NAME'

2020-10-13 13:12:29 - [MESSAGE][PASSED] - Quicksti_Sameday_PartialRefund_Admin.ts:Entered'Tester into FirstName

2020-10-13 13:12:29 - [MESSAGE][PASSED] - Object 'Object Repository/CERTPAY_QUICKSTI/Payment_Information_Page/LAST_NAME' is present

2020-10-13 13:12:30 - [MESSAGE][PASSED] - Object 'Object Repository/CERTPAY_QUICKSTI/Payment_Information_Page/LAST_NAME' is visible

2020-10-13 13:12:30 - [MESSAGE][PASSED] - Object 'Object Repository/CERTPAY_QUICKSTI/Payment_Information_Page/LAST_NAME' is present

2020-10-13 13:12:31 - [MESSAGE][PASSED] - Text 'Zenq1' is set on object 'Object Repository/CERTPAY_QUICKSTI/Payment_Information_Page/LAST_NAME'

2020-10-13 13:12:31 - [MESSAGE][PASSED] - Quicksti_Sameday_PartialRefund_Admin.ts:Entered'Zenq1 into LAstName

2020-10-13 13:12:32 - [MESSAGE][PASSED] - Object 'Object Repository/CERTPAY_QUICKSTI/Payment_Information_Page/CARD_NUMBER' is present

2020-10-13 13:12:32 - [MESSAGE][PASSED] - Object 'Object Repository/CERTPAY_QUICKSTI/Payment_Information_Page/CARD_NUMBER' is visible

2020-10-13 13:12:32 - [MESSAGE][PASSED] - Object 'Object Repository/CERTPAY_QUICKSTI/Payment_Information_Page/CARD_NUMBER' is present

2020-10-13 13:12:34 - [MESSAGE][PASSED] - Text '5154623208647646' is set on object 'Object Repository/CERTPAY_QUICKSTI/Payment_Information_Page/CARD_NUMBER'

2020-10-13 13:12:34 - [MESSAGE][PASSED] - Quicksti_Sameday_PartialRefund_Admin.ts:Entered'5154623208647646 into CardNum

2020-10-13 13:12:34 - [TEST_STEP][PASSED] - utilities.SafeActions.safeSelectOptionInDropdownByVisibleText(findTestObject("CERTPAY_QUICKSTI/Payment_Information_Page/PAYMENT_TYPE"), paymentType, "paymentType", [pageLoadTime]): selected dropdown option by visible text  Giftsfrom paymentType

2020-10-13 13:12:34 - [MESSAGE][PASSED] - Object 'Object Repository/CERTPAY_QUICKSTI/Payment_Information_Page/PAYMENT_TYPE' is visible

2020-10-13 13:12:34 - [MESSAGE][PASSED] - Object 'Object Repository/CERTPAY_QUICKSTI/Payment_Information_Page/PAYMENT_TYPE' is present

2020-10-13 13:12:35 - [MESSAGE][PASSED] - Object: 'Object Repository/CERTPAY_QUICKSTI/Payment_Information_Page/PAYMENT_TYPE' is clicked on

2020-10-13 13:12:37 - [MESSAGE][PASSED] - All options with label 'Gifts' are selected in object 'Object Repository/CERTPAY_QUICKSTI/Payment_Information_Page/PAYMENT_TYPE'  using regular expression

2020-10-13 13:12:37 - [MESSAGE][PASSED] - selected dropdown option by visible text  Giftsfrom paymentType

2020-10-13 13:12:37 - [TEST_STEP][PASSED] - pages.Quicksti.setExpDate(expMonth, expYear, securityCode): Quicksti_Sameday_PartialRefund_Admin.ts:Entered'207 into securityCode

2020-10-13 13:12:37 - [MESSAGE][PASSED] - Object 'Object Repository/CERTPAY_QUICKSTI/Payment_Information_Page/EXP_MONTH' is visible

2020-10-13 13:12:37 - [MESSAGE][PASSED] - Object 'Object Repository/CERTPAY_QUICKSTI/Payment_Information_Page/EXP_MONTH' is present

2020-10-13 13:12:39 - [MESSAGE][PASSED] - Object: 'Object Repository/CERTPAY_QUICKSTI/Payment_Information_Page/EXP_MONTH' is clicked on

2020-10-13 13:12:40 - [MESSAGE][PASSED] - All options with label '04' are selected in object 'Object Repository/CERTPAY_QUICKSTI/Payment_Information_Page/EXP_MONTH'  using regular expression

2020-10-13 13:12:40 - [MESSAGE][PASSED] - selected dropdown option by visible text  04from expMonth

2020-10-13 13:12:40 - [MESSAGE][PASSED] - Object 'Object Repository/CERTPAY_QUICKSTI/Payment_Information_Page/EXP_YEAR' is visible

2020-10-13 13:12:40 - [MESSAGE][PASSED] - Object 'Object Repository/CERTPAY_QUICKSTI/Payment_Information_Page/EXP_YEAR' is present

2020-10-13 13:12:42 - [MESSAGE][PASSED] - Object: 'Object Repository/CERTPAY_QUICKSTI/Payment_Information_Page/EXP_YEAR' is clicked on

2020-10-13 13:12:43 - [MESSAGE][PASSED] - All options with label '2023' are selected in object 'Object Repository/CERTPAY_QUICKSTI/Payment_Information_Page/EXP_YEAR'  using regular expression

2020-10-13 13:12:43 - [MESSAGE][PASSED] - selected dropdown option by visible text  2023from  expYear

2020-10-13 13:12:43 - [MESSAGE][PASSED] - Object 'Object Repository/CERTPAY_QUICKSTI/Payment_Information_Page/SECURITY_CODE' is present

2020-10-13 13:12:44 - [MESSAGE][PASSED] - Object 'Object Repository/CERTPAY_QUICKSTI/Payment_Information_Page/SECURITY_CODE' is visible

2020-10-13 13:12:44 - [MESSAGE][PASSED] - Object 'Object Repository/CERTPAY_QUICKSTI/Payment_Information_Page/SECURITY_CODE' is present

2020-10-13 13:12:45 - [MESSAGE][PASSED] - Text '207' is set on object 'Object Repository/CERTPAY_QUICKSTI/Payment_Information_Page/SECURITY_CODE'

2020-10-13 13:12:45 - [MESSAGE][PASSED] - Quicksti_Sameday_PartialRefund_Admin.ts:Entered'207 into securityCode

2020-10-13 13:12:45 - [TEST_STEP][PASSED] - pages.Quicksti.setPaymentAmountDetailsForSinglePayment(paymentAmount, quantity): Quicksti_Sameday_PartialRefund_Admin.ts:Entered'2 into Quantity

2020-10-13 13:12:46 - [MESSAGE][PASSED] - Object 'Object Repository/CERTPAY_QUICKSTI/Payment_Information_Page/PAYMENT_AMOUNT' is present

2020-10-13 13:12:46 - [MESSAGE][PASSED] - Object 'Object Repository/CERTPAY_QUICKSTI/Payment_Information_Page/PAYMENT_AMOUNT' is visible

2020-10-13 13:12:46 - [MESSAGE][PASSED] - Object 'Object Repository/CERTPAY_QUICKSTI/Payment_Information_Page/PAYMENT_AMOUNT' is present

2020-10-13 13:12:48 - [MESSAGE][PASSED] - Text '25.00' is set on object 'Object Repository/CERTPAY_QUICKSTI/Payment_Information_Page/PAYMENT_AMOUNT'

2020-10-13 13:12:48 - [MESSAGE][PASSED] - Quicksti_Sameday_PartialRefund_Admin.ts:Entered'25.00 into amount

2020-10-13 13:12:48 - [MESSAGE][PASSED] - Object 'Object Repository/CERTPAY_QUICKSTI/Payment_Information_Page/QUANTITY' is present

2020-10-13 13:12:48 - [MESSAGE][PASSED] - Object 'Object Repository/CERTPAY_QUICKSTI/Payment_Information_Page/QUANTITY' is visible

2020-10-13 13:12:49 - [MESSAGE][PASSED] - Object 'Object Repository/CERTPAY_QUICKSTI/Payment_Information_Page/QUANTITY' is present

2020-10-13 13:12:50 - [MESSAGE][PASSED] - Text '2' is set on object 'Object Repository/CERTPAY_QUICKSTI/Payment_Information_Page/QUANTITY'

2020-10-13 13:12:50 - [MESSAGE][PASSED] - Quicksti_Sameday_PartialRefund_Admin.ts:Entered'2 into Quantity

2020-10-13 13:12:50 - [TEST_STEP][PASSED] - utilities.SafeActions.safeType(findTestObject("CERTPAY_QUICKSTI/Payment_Information_Page/REFRENCE_NUMBER"), referenceNum, "Reference Number", [pageLoadTime]): Quicksti_Sameday_PartialRefund_Admin.ts:Entered'12 into Reference Number

2020-10-13 13:12:50 - [MESSAGE][PASSED] - Object 'Object Repository/CERTPAY_QUICKSTI/Payment_Information_Page/REFRENCE_NUMBER' is present

2020-10-13 13:12:51 - [MESSAGE][PASSED] - Object 'Object Repository/CERTPAY_QUICKSTI/Payment_Information_Page/REFRENCE_NUMBER' is visible

2020-10-13 13:12:51 - [MESSAGE][PASSED] - Object 'Object Repository/CERTPAY_QUICKSTI/Payment_Information_Page/REFRENCE_NUMBER' is present

2020-10-13 13:12:52 - [MESSAGE][PASSED] - Text '12' is set on object 'Object Repository/CERTPAY_QUICKSTI/Payment_Information_Page/REFRENCE_NUMBER'

2020-10-13 13:12:52 - [MESSAGE][PASSED] - Quicksti_Sameday_PartialRefund_Admin.ts:Entered'12 into Reference Number

2020-10-13 13:12:52 - [TEST_STEP][PASSED] - amount_Value = pages.Quicksti.getAttributeValue(findTestObject("CERTPAY_QUICKSTI/Payment_Information_Page/SUB_TOTAL")): pages.Quicksti.getAttributeValue is PASSED

2020-10-13 13:12:53 - [MESSAGE][PASSED] - Attribute 'value' of object 'Object Repository/CERTPAY_QUICKSTI/Payment_Information_Page/SUB_TOTAL' is: '50.00'

2020-10-13 13:12:53 - [MESSAGE][PASSED] - pages.Quicksti.getAttributeValue is PASSED

2020-10-13 13:12:53 - [TEST_STEP][PASSED] - utilities.SafeActions.safeType(findTestObject("CERTPAY_QUICKSTI/Payment_Information_Page/COMMENTS"), "Testing", "Comments", [pageLoadTime]): Quicksti_Sameday_PartialRefund_Admin.ts:Entered'Testing into Comments

2020-10-13 13:12:53 - [MESSAGE][PASSED] - Object 'Object Repository/CERTPAY_QUICKSTI/Payment_Information_Page/COMMENTS' is present

2020-10-13 13:12:53 - [MESSAGE][PASSED] - Object 'Object Repository/CERTPAY_QUICKSTI/Payment_Information_Page/COMMENTS' is visible

2020-10-13 13:12:54 - [MESSAGE][PASSED] - Object 'Object Repository/CERTPAY_QUICKSTI/Payment_Information_Page/COMMENTS' is present

2020-10-13 13:12:55 - [MESSAGE][PASSED] - Text 'Testing' is set on object 'Object Repository/CERTPAY_QUICKSTI/Payment_Information_Page/COMMENTS'

2020-10-13 13:12:55 - [MESSAGE][PASSED] - Quicksti_Sameday_PartialRefund_Admin.ts:Entered'Testing into Comments

2020-10-13 13:12:55 - [TEST_STEP][PASSED] - utilities.SafeActions.safeType(findTestObject("CERTPAY_QUICKSTI/Payment_Information_Page/ADDRESS"), address, "Address", [pageLoadTime]): Quicksti_Sameday_PartialRefund_Admin.ts:Entered'14-2 into Address

2020-10-13 13:12:55 - [MESSAGE][PASSED] - Object 'Object Repository/CERTPAY_QUICKSTI/Payment_Information_Page/ADDRESS' is present

2020-10-13 13:12:56 - [MESSAGE][PASSED] - Object 'Object Repository/CERTPAY_QUICKSTI/Payment_Information_Page/ADDRESS' is visible

2020-10-13 13:12:56 - [MESSAGE][PASSED] - Object 'Object Repository/CERTPAY_QUICKSTI/Payment_Information_Page/ADDRESS' is present

2020-10-13 13:12:57 - [MESSAGE][PASSED] - Text '14-2' is set on object 'Object Repository/CERTPAY_QUICKSTI/Payment_Information_Page/ADDRESS'

2020-10-13 13:12:57 - [MESSAGE][PASSED] - Quicksti_Sameday_PartialRefund_Admin.ts:Entered'14-2 into Address

2020-10-13 13:12:57 - [TEST_STEP][PASSED] - utilities.SafeActions.safeType(findTestObject("CERTPAY_QUICKSTI/Payment_Information_Page/ZIP_CODE"), zipCode, "zipcode", [pageLoadTime]): Quicksti_Sameday_PartialRefund_Admin.ts:Entered'76102 into zipcode

2020-10-13 13:12:57 - [MESSAGE][PASSED] - Object 'Object Repository/CERTPAY_QUICKSTI/Payment_Information_Page/ZIP_CODE' is present

2020-10-13 13:12:58 - [MESSAGE][PASSED] - Object 'Object Repository/CERTPAY_QUICKSTI/Payment_Information_Page/ZIP_CODE' is visible

2020-10-13 13:12:58 - [MESSAGE][PASSED] - Object 'Object Repository/CERTPAY_QUICKSTI/Payment_Information_Page/ZIP_CODE' is present

2020-10-13 13:12:59 - [MESSAGE][PASSED] - Text '76102' is set on object 'Object Repository/CERTPAY_QUICKSTI/Payment_Information_Page/ZIP_CODE'

2020-10-13 13:12:59 - [MESSAGE][PASSED] - Quicksti_Sameday_PartialRefund_Admin.ts:Entered'76102 into zipcode

2020-10-13 13:12:59 - [TEST_STEP][PASSED] - utilities.SafeActions.safeType(findTestObject("CERTPAY_QUICKSTI/Payment_Information_Page/TELEPHONE"), telephone, "Telephone", [pageLoadTime]): Quicksti_Sameday_PartialRefund_Admin.ts:Entered'9989897654 into Telephone

2020-10-13 13:13:00 - [MESSAGE][PASSED] - Object 'Object Repository/CERTPAY_QUICKSTI/Payment_Information_Page/TELEPHONE' is present

2020-10-13 13:13:00 - [MESSAGE][PASSED] - Object 'Object Repository/CERTPAY_QUICKSTI/Payment_Information_Page/TELEPHONE' is visible

2020-10-13 13:13:00 - [MESSAGE][PASSED] - Object 'Object Repository/CERTPAY_QUICKSTI/Payment_Information_Page/TELEPHONE' is present

2020-10-13 13:13:01 - [MESSAGE][PASSED] - Text '9989897654' is set on object 'Object Repository/CERTPAY_QUICKSTI/Payment_Information_Page/TELEPHONE'

2020-10-13 13:13:01 - [MESSAGE][PASSED] - Quicksti_Sameday_PartialRefund_Admin.ts:Entered'9989897654 into Telephone

2020-10-13 13:13:01 - [TEST_STEP][PASSED] - utilities.SafeActions.safeType(findTestObject("CERTPAY_QUICKSTI/Payment_Information_Page/EMAIL_ADDRESS"), emailAddress, "EMAIL address", [pageLoadTime]): Quicksti_Sameday_PartialRefund_Admin.ts:Entered'testing@zenq.com into EMAIL address

2020-10-13 13:13:02 - [MESSAGE][PASSED] - Object 'Object Repository/CERTPAY_QUICKSTI/Payment_Information_Page/EMAIL_ADDRESS' is present

2020-10-13 13:13:02 - [MESSAGE][PASSED] - Object 'Object Repository/CERTPAY_QUICKSTI/Payment_Information_Page/EMAIL_ADDRESS' is visible

2020-10-13 13:13:02 - [MESSAGE][PASSED] - Object 'Object Repository/CERTPAY_QUICKSTI/Payment_Information_Page/EMAIL_ADDRESS' is present

2020-10-13 13:13:04 - [MESSAGE][PASSED] - Text 'testing@zenq.com' is set on object 'Object Repository/CERTPAY_QUICKSTI/Payment_Information_Page/EMAIL_ADDRESS'

2020-10-13 13:13:04 - [MESSAGE][PASSED] - Quicksti_Sameday_PartialRefund_Admin.ts:Entered'testing@zenq.com into EMAIL address

2020-10-13 13:13:04 - [TEST_STEP][PASSED] - utilities.SafeActions.safeClick(findTestObject("CERTPAY_QUICKSTI/Payment_Information_Page/NEXT_BUTTON"), "Next", [pageLoadTime]): Quicksti_Sameday_PartialRefund_Admin.ts:Clicked on the Next

2020-10-13 13:13:04 - [MESSAGE][INFO] - safeClicking

2020-10-13 13:13:04 - [MESSAGE][PASSED] - Object 'Object Repository/CERTPAY_QUICKSTI/Payment_Information_Page/NEXT_BUTTON' is present

2020-10-13 13:13:04 - [MESSAGE][PASSED] - Object 'Object Repository/CERTPAY_QUICKSTI/Payment_Information_Page/NEXT_BUTTON' is clickable

2020-10-13 13:13:08 - [MESSAGE][PASSED] - Object: 'Object Repository/CERTPAY_QUICKSTI/Payment_Information_Page/NEXT_BUTTON' is clicked on

2020-10-13 13:13:08 - [MESSAGE][PASSED] - Quicksti_Sameday_PartialRefund_Admin.ts:Clicked on the Next

2020-10-13 13:13:08 - [TEST_STEP][PASSED] - pages.Quicksti.verifyUserPaymentDetails(paymentAmount, firstName, lastName, CardNumber): pages.Quicksti.verifyUserPaymentDetails is PASSED

2020-10-13 13:13:08 - [MESSAGE][PASSED] - Text of object 'Object Repository/CERTPAY_QUICKSTI/Payment_Details_Verification_Page/AMOUNT' is: '$25.00'

2020-10-13 13:13:08 - [MESSAGE][PASSED] - Actual text '25.00' and expected text '25.00' are matched  using regular expression

2020-10-13 13:13:08 - [MESSAGE][PASSED] - Text of object 'Object Repository/CERTPAY_QUICKSTI/Payment_Details_Verification_Page/NAME' is: 'Tester Zenq1'

2020-10-13 13:13:08 - [MESSAGE][PASSED] - Actual text 'Tester Zenq1' and expected text 'Tester Zenq1' are matched  using regular expression

2020-10-13 13:13:09 - [MESSAGE][PASSED] - Text of object 'Object Repository/CERTPAY_QUICKSTI/Payment_Details_Verification_Page/CARD_NUMBER' is: '...7646'

2020-10-13 13:13:09 - [MESSAGE][PASSED] - Actual text '7646' and expected text '7646' are matched  using regular expression

2020-10-13 13:13:09 - [MESSAGE][PASSED] - pages.Quicksti.verifyUserPaymentDetails is PASSED

2020-10-13 13:13:09 - [TEST_STEP][PASSED] - delay(2): Delayed 2 second(s)

2020-10-13 13:13:11 - [MESSAGE][PASSED] - Delayed 2 second(s)

2020-10-13 13:13:11 - [TEST_STEP][PASSED] - scrollToElement(findTestObject("CERTPAY_QUICKSTI/Payment_Details_Verification_Page/PROCESS"), 30): Scroll to object 'Object Repository/CERTPAY_QUICKSTI/Payment_Details_Verification_Page/PROCESS' successfully

2020-10-13 13:13:11 - [MESSAGE][PASSED] - Scroll to object 'Object Repository/CERTPAY_QUICKSTI/Payment_Details_Verification_Page/PROCESS' successfully

2020-10-13 13:13:11 - [TEST_STEP][PASSED] - utilities.SafeActions.safeClick(findTestObject("CERTPAY_QUICKSTI/Payment_Details_Verification_Page/PROCESS"), "Process", [pageLoadTime]): Quicksti_Sameday_PartialRefund_Admin.ts:Clicked on the Process

2020-10-13 13:13:11 - [MESSAGE][INFO] - safeClicking

2020-10-13 13:13:12 - [MESSAGE][PASSED] - Object 'Object Repository/CERTPAY_QUICKSTI/Payment_Details_Verification_Page/PROCESS' is present

2020-10-13 13:13:12 - [MESSAGE][PASSED] - Object 'Object Repository/CERTPAY_QUICKSTI/Payment_Details_Verification_Page/PROCESS' is clickable

2020-10-13 13:13:16 - [MESSAGE][PASSED] - Object: 'Object Repository/CERTPAY_QUICKSTI/Payment_Details_Verification_Page/PROCESS' is clicked on

2020-10-13 13:13:16 - [MESSAGE][PASSED] - Quicksti_Sameday_PartialRefund_Admin.ts:Clicked on the Process

2020-10-13 13:13:16 - [TEST_STEP][PASSED] - paymentId = pages.Quicksti.verifyPaymentApproval(findTestObject("CERTPAY_QUICKSTI/Payment_Details_Verification_Page/APPROVED")): Payment is approved

2020-10-13 13:13:16 - [MESSAGE][PASSED] - Text of object 'Object Repository/CERTPAY_QUICKSTI/Payment_Details_Verification_Page/PAYMENT_ID' is: '100176127518'

2020-10-13 13:13:16 - [MESSAGE][PASSED] - Object 'Object Repository/CERTPAY_QUICKSTI/Payment_Details_Verification_Page/APPROVED' is present

2020-10-13 13:13:16 - [MESSAGE][PASSED] - Payment is approved

2020-10-13 13:13:18 - [TEST_STEP][PASSED] - navigateToUrl(Admin_url): Navigate to 'https://qa-certpayadmin.faps.net' successfully

2020-10-13 13:13:23 - [MESSAGE][PASSED] - Navigate to 'https://qa-certpayadmin.faps.net' successfully

2020-10-13 13:13:23 - [TEST_STEP][PASSED] - pages.Bureau_Login_Page.loginToAdminSite(AdminUsername, AdminPassword): Quicksti_Sameday_PartialRefund_Admin.ts:Clicked on the LOGIN

2020-10-13 13:13:24 - [MESSAGE][PASSED] - Object 'Object Repository/CERTPAY_ADMIN/USER_NAME' is present

2020-10-13 13:13:24 - [MESSAGE][PASSED] - Object 'Object Repository/CERTPAY_ADMIN/USER_NAME' is visible

2020-10-13 13:13:24 - [MESSAGE][PASSED] - Object 'Object Repository/CERTPAY_ADMIN/USER_NAME' is present

2020-10-13 13:13:25 - [MESSAGE][PASSED] - Text 'VVangiliappan' is set on object 'Object Repository/CERTPAY_ADMIN/USER_NAME'

2020-10-13 13:13:25 - [MESSAGE][PASSED] - Quicksti_Sameday_PartialRefund_Admin.ts:Entered'VVangiliappan into username

2020-10-13 13:13:26 - [MESSAGE][PASSED] - Object 'Object Repository/CERTPAY_ADMIN/PASSWORD' is present

2020-10-13 13:13:26 - [MESSAGE][PASSED] - Object 'Object Repository/CERTPAY_ADMIN/PASSWORD' is visible

2020-10-13 13:13:26 - [MESSAGE][PASSED] - Object 'Object Repository/CERTPAY_ADMIN/PASSWORD' is present

2020-10-13 13:13:28 - [MESSAGE][PASSED] - Text 'Test@123' is set on object 'Object Repository/CERTPAY_ADMIN/PASSWORD'

2020-10-13 13:13:28 - [MESSAGE][PASSED] - Quicksti_Sameday_PartialRefund_Admin.ts:Entered'Test@123 into password

2020-10-13 13:13:28 - [MESSAGE][INFO] - safeClicking

2020-10-13 13:13:28 - [MESSAGE][PASSED] - Object 'Object Repository/CERTPAY_ADMIN/LOGIN_BUTTON' is present

2020-10-13 13:13:28 - [MESSAGE][PASSED] - Object 'Object Repository/CERTPAY_ADMIN/LOGIN_BUTTON' is clickable

2020-10-13 13:13:40 - [MESSAGE][PASSED] - Object: 'Object Repository/CERTPAY_ADMIN/LOGIN_BUTTON' is clicked on

2020-10-13 13:13:40 - [MESSAGE][PASSED] - Quicksti_Sameday_PartialRefund_Admin.ts:Clicked on the LOGIN

2020-10-13 13:13:40 - [TEST_STEP][PASSED] - utilities.SafeActions.safeClick(findTestObject("CERTPAY_ADMIN/TRANSACTION_MENU"), "TransactionMenu", [pageLoadTime]): Quicksti_Sameday_PartialRefund_Admin.ts:Clicked on the TransactionMenu

2020-10-13 13:13:40 - [MESSAGE][INFO] - safeClicking

2020-10-13 13:13:40 - [MESSAGE][PASSED] - Object 'Object Repository/CERTPAY_ADMIN/TRANSACTION_MENU' is present

2020-10-13 13:13:40 - [MESSAGE][PASSED] - Object 'Object Repository/CERTPAY_ADMIN/TRANSACTION_MENU' is clickable

2020-10-13 13:13:41 - [MESSAGE][PASSED] - Object: 'Object Repository/CERTPAY_ADMIN/TRANSACTION_MENU' is clicked on

2020-10-13 13:13:41 - [MESSAGE][PASSED] - Quicksti_Sameday_PartialRefund_Admin.ts:Clicked on the TransactionMenu

2020-10-13 13:13:41 - [TEST_STEP][PASSED] - utilities.SafeActions.safeClick(findTestObject("CERTPAY_ADMIN/TRANSACTION_SEARCH"), "TransactionSearch", [pageLoadTime]): Quicksti_Sameday_PartialRefund_Admin.ts:Clicked on the TransactionSearch

2020-10-13 13:13:42 - [MESSAGE][INFO] - safeClicking

2020-10-13 13:13:42 - [MESSAGE][PASSED] - Object 'Object Repository/CERTPAY_ADMIN/TRANSACTION_SEARCH' is present

2020-10-13 13:13:42 - [MESSAGE][PASSED] - Object 'Object Repository/CERTPAY_ADMIN/TRANSACTION_SEARCH' is clickable

2020-10-13 13:13:45 - [MESSAGE][PASSED] - Object: 'Object Repository/CERTPAY_ADMIN/TRANSACTION_SEARCH' is clicked on

2020-10-13 13:13:45 - [MESSAGE][PASSED] - Quicksti_Sameday_PartialRefund_Admin.ts:Clicked on the TransactionSearch

2020-10-13 13:13:45 - [TEST_STEP][PASSED] - utilities.SafeActions.safeType(findTestObject("CERTPAY_ADMIN/PAYMENT_ID"), paymentId, "Payment id", [pageLoadTime]): Quicksti_Sameday_PartialRefund_Admin.ts:Entered'100176127518 into Payment id

2020-10-13 13:13:46 - [MESSAGE][PASSED] - Object 'Object Repository/CERTPAY_ADMIN/PAYMENT_ID' is present

2020-10-13 13:13:46 - [MESSAGE][PASSED] - Object 'Object Repository/CERTPAY_ADMIN/PAYMENT_ID' is visible

2020-10-13 13:13:46 - [MESSAGE][PASSED] - Object 'Object Repository/CERTPAY_ADMIN/PAYMENT_ID' is present

2020-10-13 13:13:48 - [MESSAGE][PASSED] - Text '100176127518' is set on object 'Object Repository/CERTPAY_ADMIN/PAYMENT_ID'

2020-10-13 13:13:48 - [MESSAGE][PASSED] - Quicksti_Sameday_PartialRefund_Admin.ts:Entered'100176127518 into Payment id

2020-10-13 13:13:48 - [TEST_STEP][PASSED] - utilities.SafeActions.safeClick(findTestObject("CERTPAY_ADMIN/GO_BUTTON"), "Go button", [pageLoadTime]): Quicksti_Sameday_PartialRefund_Admin.ts:Clicked on the Go button

2020-10-13 13:13:48 - [MESSAGE][INFO] - safeClicking

2020-10-13 13:13:48 - [MESSAGE][PASSED] - Object 'Object Repository/CERTPAY_ADMIN/GO_BUTTON' is present

2020-10-13 13:13:48 - [MESSAGE][PASSED] - Object 'Object Repository/CERTPAY_ADMIN/GO_BUTTON' is clickable

2020-10-13 13:13:52 - [MESSAGE][PASSED] - Object: 'Object Repository/CERTPAY_ADMIN/GO_BUTTON' is clicked on

2020-10-13 13:13:52 - [MESSAGE][PASSED] - Quicksti_Sameday_PartialRefund_Admin.ts:Clicked on the Go button

2020-10-13 13:13:52 - [TEST_STEP][PASSED] - delay(3): Delayed 3 second(s)

2020-10-13 13:13:55 - [MESSAGE][PASSED] - Delayed 3 second(s)

2020-10-13 13:13:55 - [TEST_STEP][PASSED] - paymentIdList.add(paymentId): null

2020-10-13 13:13:55 - [TEST_STEP][PASSED] - println(paymentIdList): null

2020-10-13 13:13:55 - [TEST_STEP][PASSED] - utilities.SafeActions.safeClick(findTestObject("CERTPAY_ADMIN/ACTIONS_BUTTON"), "Actions button", [pageLoadTime]): Quicksti_Sameday_PartialRefund_Admin.ts:Clicked on the Actions button

2020-10-13 13:13:55 - [MESSAGE][INFO] - safeClicking

2020-10-13 13:13:55 - [MESSAGE][PASSED] - Object 'Object Repository/CERTPAY_ADMIN/ACTIONS_BUTTON' is present

2020-10-13 13:13:56 - [MESSAGE][PASSED] - Object 'Object Repository/CERTPAY_ADMIN/ACTIONS_BUTTON' is clickable

2020-10-13 13:13:57 - [MESSAGE][PASSED] - Object: 'Object Repository/CERTPAY_ADMIN/ACTIONS_BUTTON' is clicked on

2020-10-13 13:13:57 - [MESSAGE][PASSED] - Quicksti_Sameday_PartialRefund_Admin.ts:Clicked on the Actions button

2020-10-13 13:13:57 - [TEST_STEP][PASSED] - utilities.SafeActions.safeClick(findTestObject("CERTPAY_ADMIN/REFUND_MENU"), "Refund Menu", [pageLoadTime]): Quicksti_Sameday_PartialRefund_Admin.ts:Clicked on the Refund Menu

2020-10-13 13:13:57 - [MESSAGE][INFO] - safeClicking

2020-10-13 13:13:57 - [MESSAGE][PASSED] - Object 'Object Repository/CERTPAY_ADMIN/REFUND_MENU' is present

2020-10-13 13:13:57 - [MESSAGE][PASSED] - Object 'Object Repository/CERTPAY_ADMIN/REFUND_MENU' is clickable

2020-10-13 13:13:59 - [MESSAGE][PASSED] - Object: 'Object Repository/CERTPAY_ADMIN/REFUND_MENU' is clicked on

2020-10-13 13:13:59 - [MESSAGE][PASSED] - Quicksti_Sameday_PartialRefund_Admin.ts:Clicked on the Refund Menu

2020-10-13 13:13:59 - [TEST_STEP][PASSED] - delay(2): Delayed 2 second(s)

2020-10-13 13:14:01 - [MESSAGE][PASSED] - Delayed 2 second(s)

2020-10-13 13:14:01 - [TEST_STEP][PASSED] - utilities.SafeActions.safeClick(findTestObject("CERTPAY_ADMIN/CREDIT_RETURN"), "Credit Return", [pageLoadTime]): Quicksti_Sameday_PartialRefund_Admin.ts:Clicked on the Credit Return

2020-10-13 13:14:01 - [MESSAGE][INFO] - safeClicking

2020-10-13 13:14:01 - [MESSAGE][PASSED] - Object 'Object Repository/CERTPAY_ADMIN/CREDIT_RETURN' is present

2020-10-13 13:14:01 - [MESSAGE][PASSED] - Object 'Object Repository/CERTPAY_ADMIN/CREDIT_RETURN' is clickable

2020-10-13 13:14:02 - [MESSAGE][PASSED] - Object: 'Object Repository/CERTPAY_ADMIN/CREDIT_RETURN' is clicked on

2020-10-13 13:14:02 - [MESSAGE][PASSED] - Quicksti_Sameday_PartialRefund_Admin.ts:Clicked on the Credit Return

2020-10-13 13:14:02 - [TEST_STEP][PASSED] - utilities.SafeActions.safeType(findTestObject("Object Repository/CERTPAY_ADMIN/REFUND_AMOUNT"), RefundAmount, "Payment id", [pageLoadTime]): Quicksti_Sameday_PartialRefund_Admin.ts:Entered'15.00 into Payment id

2020-10-13 13:14:03 - [MESSAGE][PASSED] - Object 'Object Repository/CERTPAY_ADMIN/REFUND_AMOUNT' is present

2020-10-13 13:14:03 - [MESSAGE][PASSED] - Object 'Object Repository/CERTPAY_ADMIN/REFUND_AMOUNT' is visible

2020-10-13 13:14:03 - [MESSAGE][PASSED] - Object 'Object Repository/CERTPAY_ADMIN/REFUND_AMOUNT' is present

2020-10-13 13:14:05 - [MESSAGE][PASSED] - Text '15.00' is set on object 'Object Repository/CERTPAY_ADMIN/REFUND_AMOUNT'

2020-10-13 13:14:05 - [MESSAGE][PASSED] - Quicksti_Sameday_PartialRefund_Admin.ts:Entered'15.00 into Payment id

2020-10-13 13:14:05 - [TEST_STEP][PASSED] - utilities.SafeActions.safeClick(findTestObject("Object Repository/CERTPAY_ADMIN/PROCESS_REVERSAL"), "Process Reversal", [pageLoadTime]): Quicksti_Sameday_PartialRefund_Admin.ts:Clicked on the Process Reversal

2020-10-13 13:14:05 - [MESSAGE][INFO] - safeClicking

2020-10-13 13:14:05 - [MESSAGE][PASSED] - Object 'Object Repository/CERTPAY_ADMIN/PROCESS_REVERSAL' is present

2020-10-13 13:14:05 - [MESSAGE][PASSED] - Object 'Object Repository/CERTPAY_ADMIN/PROCESS_REVERSAL' is clickable

2020-10-13 13:14:06 - [MESSAGE][PASSED] - Object: 'Object Repository/CERTPAY_ADMIN/PROCESS_REVERSAL' is clicked on

2020-10-13 13:14:06 - [MESSAGE][PASSED] - Quicksti_Sameday_PartialRefund_Admin.ts:Clicked on the Process Reversal

2020-10-13 13:14:06 - [TEST_STEP][PASSED] - delay(2): Delayed 2 second(s)

2020-10-13 13:14:08 - [MESSAGE][PASSED] - Delayed 2 second(s)

2020-10-13 13:14:08 - [TEST_STEP][PASSED] - firstName = data.getValue("FirstName", index): null

2020-10-13 13:14:08 - [TEST_STEP][PASSED] - lastName = data.getValue("LastName", index): null

2020-10-13 13:14:08 - [TEST_STEP][PASSED] - expMonth = data.getValue("ExpMonth", index): null

2020-10-13 13:14:08 - [TEST_STEP][PASSED] - expYear = data.getValue("ExpYear", index): null

2020-10-13 13:14:08 - [TEST_STEP][PASSED] - securityCode = data.getValue("SecurityCode", index): null

2020-10-13 13:14:08 - [TEST_STEP][PASSED] - paymentAmount = data.getValue("PaymentAmount", index): null

2020-10-13 13:14:08 - [TEST_STEP][PASSED] - paymentType = data.getValue("PaymentType", index): null

2020-10-13 13:14:08 - [TEST_STEP][PASSED] - quantity = data.getValue("Quantity", index): null

2020-10-13 13:14:08 - [TEST_STEP][PASSED] - comments = data.getValue("Comments", index): null

2020-10-13 13:14:08 - [TEST_STEP][PASSED] - referenceNum = data.getValue("ReferenceNum", index): null

2020-10-13 13:14:08 - [TEST_STEP][PASSED] - address = data.getValue("Address", index): null

2020-10-13 13:14:08 - [TEST_STEP][PASSED] - zipCode = data.getValue("Zipcode", index): null

2020-10-13 13:14:08 - [TEST_STEP][PASSED] - telephone = data.getValue("Telephone", index): null

2020-10-13 13:14:08 - [TEST_STEP][PASSED] - emailAddress = data.getValue("EmailAddress", index): null

2020-10-13 13:14:08 - [TEST_STEP][PASSED] - cardNum = data.getValue("CardNumber", index): null

2020-10-13 13:14:08 - [TEST_STEP][PASSED] - cardType = data.getValue("CardType", index): null

2020-10-13 13:14:08 - [TEST_STEP][PASSED] - RefundAmount = data.getValue("RefundAmount", index): null

2020-10-13 13:14:08 - [TEST_STEP][PASSED] - utilities.SafeActions.openBrowser(Quicksti_Url, [pageLoadTime]): Browser launched successfully

2020-10-13 13:14:08 - [MESSAGE][INFO] - Opening Browser

2020-10-13 13:14:09 - [MESSAGE][WARNING] - A browser is already opened. Closing browser and opening a new one

2020-10-13 13:14:12 - [MESSAGE][INFO] - Starting 'Chrome' driver

2020-10-13 13:14:25 - [MESSAGE][PASSED] - Browser is opened with url: 'https://qa-certpayquicksti.faps.net/'

2020-10-13 13:14:28 - [MESSAGE][PASSED] - Current window maximized

2020-10-13 13:14:28 - [MESSAGE][PASSED] - Browser launched successfully

2020-10-13 13:14:28 - [TEST_STEP][PASSED] - utilities.SafeActions.safeType(findTestObject("CERTPAY_QUICKSTI/Login_ Page/BUREAU_CODE"), bureau_code, "Bureau code", [pageLoadTime]): Quicksti_Sameday_PartialRefund_Admin.ts:Entered'6100000 into Bureau code

2020-10-13 13:14:28 - [MESSAGE][PASSED] - Object 'Object Repository/CERTPAY_QUICKSTI/Login_ Page/BUREAU_CODE' is present

2020-10-13 13:14:28 - [MESSAGE][PASSED] - Object 'Object Repository/CERTPAY_QUICKSTI/Login_ Page/BUREAU_CODE' is visible

2020-10-13 13:14:29 - [MESSAGE][PASSED] - Object 'Object Repository/CERTPAY_QUICKSTI/Login_ Page/BUREAU_CODE' is present

2020-10-13 13:14:30 - [MESSAGE][PASSED] - Text '6100000' is set on object 'Object Repository/CERTPAY_QUICKSTI/Login_ Page/BUREAU_CODE'

2020-10-13 13:14:30 - [MESSAGE][PASSED] - Quicksti_Sameday_PartialRefund_Admin.ts:Entered'6100000 into Bureau code

2020-10-13 13:14:30 - [TEST_STEP][PASSED] - utilities.SafeActions.safeType(findTestObject("CERTPAY_QUICKSTI/Login_ Page/TELLER_ID"), teller_id, "Bureau code", [pageLoadTime]): Quicksti_Sameday_PartialRefund_Admin.ts:Entered'zenq into Bureau code

2020-10-13 13:14:30 - [MESSAGE][PASSED] - Object 'Object Repository/CERTPAY_QUICKSTI/Login_ Page/TELLER_ID' is present

2020-10-13 13:14:31 - [MESSAGE][PASSED] - Object 'Object Repository/CERTPAY_QUICKSTI/Login_ Page/TELLER_ID' is visible

2020-10-13 13:14:31 - [MESSAGE][PASSED] - Object 'Object Repository/CERTPAY_QUICKSTI/Login_ Page/TELLER_ID' is present

2020-10-13 13:14:32 - [MESSAGE][PASSED] - Text 'zenq' is set on object 'Object Repository/CERTPAY_QUICKSTI/Login_ Page/TELLER_ID'

2020-10-13 13:14:32 - [MESSAGE][PASSED] - Quicksti_Sameday_PartialRefund_Admin.ts:Entered'zenq into Bureau code

2020-10-13 13:14:32 - [TEST_STEP][PASSED] - utilities.SafeActions.safeClick(findTestObject("CERTPAY_QUICKSTI/Login_ Page/NEXT_BUTTON"), "Next button", [pageLoadTime]): Quicksti_Sameday_PartialRefund_Admin.ts:Clicked on the Next button

2020-10-13 13:14:32 - [MESSAGE][INFO] - safeClicking

2020-10-13 13:14:32 - [MESSAGE][PASSED] - Object 'Object Repository/CERTPAY_QUICKSTI/Login_ Page/NEXT_BUTTON' is present

2020-10-13 13:14:33 - [MESSAGE][PASSED] - Object 'Object Repository/CERTPAY_QUICKSTI/Login_ Page/NEXT_BUTTON' is clickable

2020-10-13 13:14:37 - [MESSAGE][PASSED] - Object: 'Object Repository/CERTPAY_QUICKSTI/Login_ Page/NEXT_BUTTON' is clicked on

2020-10-13 13:14:37 - [MESSAGE][PASSED] - Quicksti_Sameday_PartialRefund_Admin.ts:Clicked on the Next button

2020-10-13 13:14:37 - [TEST_STEP][PASSED] - utilities.SafeActions.safeClick(findTestObject("CERTPAY_QUICKSTI/Payment_Information_Page/MANUAL_ENTRY_BUTTON"), "ManualEntry", [pageLoadTime]): Quicksti_Sameday_PartialRefund_Admin.ts:Clicked on the ManualEntry

2020-10-13 13:14:37 - [MESSAGE][INFO] - safeClicking

2020-10-13 13:14:37 - [MESSAGE][PASSED] - Object 'Object Repository/CERTPAY_QUICKSTI/Payment_Information_Page/MANUAL_ENTRY_BUTTON' is present

2020-10-13 13:14:37 - [MESSAGE][PASSED] - Object 'Object Repository/CERTPAY_QUICKSTI/Payment_Information_Page/MANUAL_ENTRY_BUTTON' is clickable

2020-10-13 13:14:39 - [MESSAGE][PASSED] - Object: 'Object Repository/CERTPAY_QUICKSTI/Payment_Information_Page/MANUAL_ENTRY_BUTTON' is clicked on

2020-10-13 13:14:39 - [MESSAGE][PASSED] - Quicksti_Sameday_PartialRefund_Admin.ts:Clicked on the ManualEntry

2020-10-13 13:14:39 - [TEST_STEP][PASSED] - CardNumber = pages.Quicksti.setUserPaymentDetails(firstName, lastName, cardNum): Quicksti_Sameday_PartialRefund_Admin.ts:Entered'8171999900000018 into CardNum

2020-10-13 13:14:40 - [MESSAGE][PASSED] - Object 'Object Repository/CERTPAY_QUICKSTI/Payment_Information_Page/FIRST_NAME' is present

2020-10-13 13:14:40 - [MESSAGE][PASSED] - Object 'Object Repository/CERTPAY_QUICKSTI/Payment_Information_Page/FIRST_NAME' is visible

2020-10-13 13:14:40 - [MESSAGE][PASSED] - Object 'Object Repository/CERTPAY_QUICKSTI/Payment_Information_Page/FIRST_NAME' is present

2020-10-13 13:14:41 - [MESSAGE][PASSED] - Text 'Tester' is set on object 'Object Repository/CERTPAY_QUICKSTI/Payment_Information_Page/FIRST_NAME'

2020-10-13 13:14:41 - [MESSAGE][PASSED] - Quicksti_Sameday_PartialRefund_Admin.ts:Entered'Tester into FirstName

2020-10-13 13:14:42 - [MESSAGE][PASSED] - Object 'Object Repository/CERTPAY_QUICKSTI/Payment_Information_Page/LAST_NAME' is present

2020-10-13 13:14:42 - [MESSAGE][PASSED] - Object 'Object Repository/CERTPAY_QUICKSTI/Payment_Information_Page/LAST_NAME' is visible

2020-10-13 13:14:42 - [MESSAGE][PASSED] - Object 'Object Repository/CERTPAY_QUICKSTI/Payment_Information_Page/LAST_NAME' is present

2020-10-13 13:14:44 - [MESSAGE][PASSED] - Text 'Zenq1' is set on object 'Object Repository/CERTPAY_QUICKSTI/Payment_Information_Page/LAST_NAME'

2020-10-13 13:14:44 - [MESSAGE][PASSED] - Quicksti_Sameday_PartialRefund_Admin.ts:Entered'Zenq1 into LAstName

2020-10-13 13:14:44 - [MESSAGE][PASSED] - Object 'Object Repository/CERTPAY_QUICKSTI/Payment_Information_Page/CARD_NUMBER' is present

2020-10-13 13:14:44 - [MESSAGE][PASSED] - Object 'Object Repository/CERTPAY_QUICKSTI/Payment_Information_Page/CARD_NUMBER' is visible

2020-10-13 13:14:45 - [MESSAGE][PASSED] - Object 'Object Repository/CERTPAY_QUICKSTI/Payment_Information_Page/CARD_NUMBER' is present

2020-10-13 13:14:46 - [MESSAGE][PASSED] - Text '8171999900000018' is set on object 'Object Repository/CERTPAY_QUICKSTI/Payment_Information_Page/CARD_NUMBER'

2020-10-13 13:14:46 - [MESSAGE][PASSED] - Quicksti_Sameday_PartialRefund_Admin.ts:Entered'8171999900000018 into CardNum

2020-10-13 13:14:46 - [TEST_STEP][PASSED] - utilities.SafeActions.safeSelectOptionInDropdownByVisibleText(findTestObject("CERTPAY_QUICKSTI/Payment_Information_Page/PAYMENT_TYPE"), paymentType, "paymentType", [pageLoadTime]): selected dropdown option by visible text  Licensesfrom paymentType

2020-10-13 13:14:46 - [MESSAGE][PASSED] - Object 'Object Repository/CERTPAY_QUICKSTI/Payment_Information_Page/PAYMENT_TYPE' is visible

2020-10-13 13:14:47 - [MESSAGE][PASSED] - Object 'Object Repository/CERTPAY_QUICKSTI/Payment_Information_Page/PAYMENT_TYPE' is present

2020-10-13 13:14:48 - [MESSAGE][PASSED] - Object: 'Object Repository/CERTPAY_QUICKSTI/Payment_Information_Page/PAYMENT_TYPE' is clicked on

2020-10-13 13:14:49 - [MESSAGE][PASSED] - All options with label 'Licenses' are selected in object 'Object Repository/CERTPAY_QUICKSTI/Payment_Information_Page/PAYMENT_TYPE'  using regular expression

2020-10-13 13:14:49 - [MESSAGE][PASSED] - selected dropdown option by visible text  Licensesfrom paymentType

2020-10-13 13:14:49 - [TEST_STEP][PASSED] - pages.Quicksti.setExpDate(expMonth, expYear, securityCode): Quicksti_Sameday_PartialRefund_Admin.ts:Entered'111 into securityCode

2020-10-13 13:14:50 - [MESSAGE][PASSED] - Object 'Object Repository/CERTPAY_QUICKSTI/Payment_Information_Page/EXP_MONTH' is visible

2020-10-13 13:14:50 - [MESSAGE][PASSED] - Object 'Object Repository/CERTPAY_QUICKSTI/Payment_Information_Page/EXP_MONTH' is present

2020-10-13 13:14:51 - [MESSAGE][PASSED] - Object: 'Object Repository/CERTPAY_QUICKSTI/Payment_Information_Page/EXP_MONTH' is clicked on

2020-10-13 13:14:52 - [MESSAGE][PASSED] - All options with label '04' are selected in object 'Object Repository/CERTPAY_QUICKSTI/Payment_Information_Page/EXP_MONTH'  using regular expression

2020-10-13 13:14:52 - [MESSAGE][PASSED] - selected dropdown option by visible text  04from expMonth

2020-10-13 13:14:53 - [MESSAGE][PASSED] - Object 'Object Repository/CERTPAY_QUICKSTI/Payment_Information_Page/EXP_YEAR' is visible

2020-10-13 13:14:53 - [MESSAGE][PASSED] - Object 'Object Repository/CERTPAY_QUICKSTI/Payment_Information_Page/EXP_YEAR' is present

2020-10-13 13:14:54 - [MESSAGE][PASSED] - Object: 'Object Repository/CERTPAY_QUICKSTI/Payment_Information_Page/EXP_YEAR' is clicked on

2020-10-13 13:14:56 - [MESSAGE][PASSED] - All options with label '2027' are selected in object 'Object Repository/CERTPAY_QUICKSTI/Payment_Information_Page/EXP_YEAR'  using regular expression

2020-10-13 13:14:56 - [MESSAGE][PASSED] - selected dropdown option by visible text  2027from  expYear

2020-10-13 13:14:56 - [MESSAGE][PASSED] - Object 'Object Repository/CERTPAY_QUICKSTI/Payment_Information_Page/SECURITY_CODE' is present

2020-10-13 13:14:57 - [MESSAGE][PASSED] - Object 'Object Repository/CERTPAY_QUICKSTI/Payment_Information_Page/SECURITY_CODE' is visible

2020-10-13 13:14:57 - [MESSAGE][PASSED] - Object 'Object Repository/CERTPAY_QUICKSTI/Payment_Information_Page/SECURITY_CODE' is present

2020-10-13 13:14:58 - [MESSAGE][PASSED] - Text '111' is set on object 'Object Repository/CERTPAY_QUICKSTI/Payment_Information_Page/SECURITY_CODE'

2020-10-13 13:14:58 - [MESSAGE][PASSED] - Quicksti_Sameday_PartialRefund_Admin.ts:Entered'111 into securityCode

2020-10-13 13:14:58 - [TEST_STEP][PASSED] - pages.Quicksti.setPaymentAmountDetailsForSinglePayment(paymentAmount, quantity): Quicksti_Sameday_PartialRefund_Admin.ts:Entered'1 into Quantity

2020-10-13 13:14:58 - [MESSAGE][PASSED] - Object 'Object Repository/CERTPAY_QUICKSTI/Payment_Information_Page/PAYMENT_AMOUNT' is present

2020-10-13 13:14:59 - [MESSAGE][PASSED] - Object 'Object Repository/CERTPAY_QUICKSTI/Payment_Information_Page/PAYMENT_AMOUNT' is visible

2020-10-13 13:14:59 - [MESSAGE][PASSED] - Object 'Object Repository/CERTPAY_QUICKSTI/Payment_Information_Page/PAYMENT_AMOUNT' is present

2020-10-13 13:15:00 - [MESSAGE][PASSED] - Text '30.00' is set on object 'Object Repository/CERTPAY_QUICKSTI/Payment_Information_Page/PAYMENT_AMOUNT'

2020-10-13 13:15:00 - [MESSAGE][PASSED] - Quicksti_Sameday_PartialRefund_Admin.ts:Entered'30.00 into amount

2020-10-13 13:15:01 - [MESSAGE][PASSED] - Object 'Object Repository/CERTPAY_QUICKSTI/Payment_Information_Page/QUANTITY' is present

2020-10-13 13:15:01 - [MESSAGE][PASSED] - Object 'Object Repository/CERTPAY_QUICKSTI/Payment_Information_Page/QUANTITY' is visible

2020-10-13 13:15:01 - [MESSAGE][PASSED] - Object 'Object Repository/CERTPAY_QUICKSTI/Payment_Information_Page/QUANTITY' is present

2020-10-13 13:15:03 - [MESSAGE][PASSED] - Text '1' is set on object 'Object Repository/CERTPAY_QUICKSTI/Payment_Information_Page/QUANTITY'

2020-10-13 13:15:03 - [MESSAGE][PASSED] - Quicksti_Sameday_PartialRefund_Admin.ts:Entered'1 into Quantity

[...]

2020-10-13 13:17:13 - [MESSAGE][PASSED] - Object 'Object Repository/CERTPAY_QUICKSTI/Payment_Information_Page/REFRENCE_NUMBER' is present

2020-10-13 13:17:13 - [MESSAGE][PASSED] - Object 'Object Repository/CERTPAY_QUICKSTI/Payment_Information_Page/REFRENCE_NUMBER' is visible

2020-10-13 13:17:14 - [MESSAGE][PASSED] - Object 'Object Repository/CERTPAY_QUICKSTI/Payment_Information_Page/REFRENCE_NUMBER' is present

2020-10-13 13:17:15 - [MESSAGE][PASSED] - Text '11' is set on object 'Object Repository/CERTPAY_QUICKSTI/Payment_Information_Page/REFRENCE_NUMBER'

2020-10-13 13:17:15 - [MESSAGE][PASSED] - Quicksti_Sameday_PartialRefund_Admin.ts:Entered'11 into Reference Number

2020-10-13 13:17:15 - [TEST_STEP][PASSED] - amount_Value = pages.Quicksti.getAttributeValue(findTestObject("CERTPAY_QUICKSTI/Payment_Information_Page/SUB_TOTAL")): pages.Quicksti.getAttributeValue is PASSED

2020-10-13 13:17:16 - [MESSAGE][PASSED] - Attribute 'value' of object 'Object Repository/CERTPAY_QUICKSTI/Payment_Information_Page/SUB_TOTAL' is: '35.00'

2020-10-13 13:17:16 - [MESSAGE][PASSED] - pages.Quicksti.getAttributeValue is PASSED

2020-10-13 13:17:16 - [TEST_STEP][PASSED] - utilities.SafeActions.safeType(findTestObject("CERTPAY_QUICKSTI/Payment_Information_Page/COMMENTS"), "Testing", "Comments", [pageLoadTime]): Quicksti_Sameday_PartialRefund_Admin.ts:Entered'Testing into Comments

2020-10-13 13:17:16 - [MESSAGE][PASSED] - Object 'Object Repository/CERTPAY_QUICKSTI/Payment_Information_Page/COMMENTS' is present

2020-10-13 13:17:16 - [MESSAGE][PASSED] - Object 'Object Repository/CERTPAY_QUICKSTI/Payment_Information_Page/COMMENTS' is visible

2020-10-13 13:17:16 - [MESSAGE][PASSED] - Object 'Object Repository/CERTPAY_QUICKSTI/Payment_Information_Page/COMMENTS' is present

2020-10-13 13:17:18 - [MESSAGE][PASSED] - Text 'Testing' is set on object 'Object Repository/CERTPAY_QUICKSTI/Payment_Information_Page/COMMENTS'

2020-10-13 13:17:18 - [MESSAGE][PASSED] - Quicksti_Sameday_PartialRefund_Admin.ts:Entered'Testing into Comments

2020-10-13 13:17:18 - [TEST_STEP][PASSED] - utilities.SafeActions.safeType(findTestObject("CERTPAY_QUICKSTI/Payment_Information_Page/ADDRESS"), address, "Address", [pageLoadTime]): Quicksti_Sameday_PartialRefund_Admin.ts:Entered'14-2 into Address

2020-10-13 13:17:18 - [MESSAGE][PASSED] - Object 'Object Repository/CERTPAY_QUICKSTI/Payment_Information_Page/ADDRESS' is present

2020-10-13 13:17:18 - [MESSAGE][PASSED] - Object 'Object Repository/CERTPAY_QUICKSTI/Payment_Information_Page/ADDRESS' is visible

2020-10-13 13:17:19 - [MESSAGE][PASSED] - Object 'Object Repository/CERTPAY_QUICKSTI/Payment_Information_Page/ADDRESS' is present

2020-10-13 13:17:20 - [MESSAGE][PASSED] - Text '14-2' is set on object 'Object Repository/CERTPAY_QUICKSTI/Payment_Information_Page/ADDRESS'

2020-10-13 13:17:20 - [MESSAGE][PASSED] - Quicksti_Sameday_PartialRefund_Admin.ts:Entered'14-2 into Address

2020-10-13 13:17:20 - [TEST_STEP][PASSED] - utilities.SafeActions.safeType(findTestObject("CERTPAY_QUICKSTI/Payment_Information_Page/ZIP_CODE"), zipCode, "zipcode", [pageLoadTime]): Quicksti_Sameday_PartialRefund_Admin.ts:Entered'76102 into zipcode

2020-10-13 13:17:20 - [MESSAGE][PASSED] - Object 'Object Repository/CERTPAY_QUICKSTI/Payment_Information_Page/ZIP_CODE' is present

2020-10-13 13:17:21 - [MESSAGE][PASSED] - Object 'Object Repository/CERTPAY_QUICKSTI/Payment_Information_Page/ZIP_CODE' is visible

2020-10-13 13:17:21 - [MESSAGE][PASSED] - Object 'Object Repository/CERTPAY_QUICKSTI/Payment_Information_Page/ZIP_CODE' is present

2020-10-13 13:17:22 - [MESSAGE][PASSED] - Text '76102' is set on object 'Object Repository/CERTPAY_QUICKSTI/Payment_Information_Page/ZIP_CODE'

2020-10-13 13:17:22 - [MESSAGE][PASSED] - Quicksti_Sameday_PartialRefund_Admin.ts:Entered'76102 into zipcode

2020-10-13 13:17:22 - [TEST_STEP][PASSED] - utilities.SafeActions.safeType(findTestObject("CERTPAY_QUICKSTI/Payment_Information_Page/TELEPHONE"), telephone, "Telephone", [pageLoadTime]): Quicksti_Sameday_PartialRefund_Admin.ts:Entered'9989897654 into Telephone

2020-10-13 13:17:23 - [MESSAGE][PASSED] - Object 'Object Repository/CERTPAY_QUICKSTI/Payment_Information_Page/TELEPHONE' is present

2020-10-13 13:17:23 - [MESSAGE][PASSED] - Object 'Object Repository/CERTPAY_QUICKSTI/Payment_Information_Page/TELEPHONE' is visible

2020-10-13 13:17:23 - [MESSAGE][PASSED] - Object 'Object Repository/CERTPAY_QUICKSTI/Payment_Information_Page/TELEPHONE' is present

2020-10-13 13:17:25 - [MESSAGE][PASSED] - Text '9989897654' is set on object 'Object Repository/CERTPAY_QUICKSTI/Payment_Information_Page/TELEPHONE'

2020-10-13 13:17:25 - [MESSAGE][PASSED] - Quicksti_Sameday_PartialRefund_Admin.ts:Entered'9989897654 into Telephone

2020-10-13 13:17:25 - [TEST_STEP][PASSED] - utilities.SafeActions.safeType(findTestObject("CERTPAY_QUICKSTI/Payment_Information_Page/EMAIL_ADDRESS"), emailAddress, "EMAIL address", [pageLoadTime]): Quicksti_Sameday_PartialRefund_Admin.ts:Entered'testing@zenq.com into EMAIL address

2020-10-13 13:17:25 - [MESSAGE][PASSED] - Object 'Object Repository/CERTPAY_QUICKSTI/Payment_Information_Page/EMAIL_ADDRESS' is present

2020-10-13 13:17:25 - [MESSAGE][PASSED] - Object 'Object Repository/CERTPAY_QUICKSTI/Payment_Information_Page/EMAIL_ADDRESS' is visible

2020-10-13 13:17:26 - [MESSAGE][PASSED] - Object 'Object Repository/CERTPAY_QUICKSTI/Payment_Information_Page/EMAIL_ADDRESS' is present

2020-10-13 13:17:27 - [MESSAGE][PASSED] - Text 'testing@zenq.com' is set on object 'Object Repository/CERTPAY_QUICKSTI/Payment_Information_Page/EMAIL_ADDRESS'

2020-10-13 13:17:27 - [MESSAGE][PASSED] - Quicksti_Sameday_PartialRefund_Admin.ts:Entered'testing@zenq.com into EMAIL address

2020-10-13 13:17:27 - [TEST_STEP][PASSED] - utilities.SafeActions.safeClick(findTestObject("CERTPAY_QUICKSTI/Payment_Information_Page/NEXT_BUTTON"), "Next", [pageLoadTime]): Quicksti_Sameday_PartialRefund_Admin.ts:Clicked on the Next

2020-10-13 13:17:27 - [MESSAGE][INFO] - safeClicking

2020-10-13 13:17:27 - [MESSAGE][PASSED] - Object 'Object Repository/CERTPAY_QUICKSTI/Payment_Information_Page/NEXT_BUTTON' is present

2020-10-13 13:17:28 - [MESSAGE][PASSED] - Object 'Object Repository/CERTPAY_QUICKSTI/Payment_Information_Page/NEXT_BUTTON' is clickable

2020-10-13 13:17:31 - [MESSAGE][PASSED] - Object: 'Object Repository/CERTPAY_QUICKSTI/Payment_Information_Page/NEXT_BUTTON' is clicked on

2020-10-13 13:17:31 - [MESSAGE][PASSED] - Quicksti_Sameday_PartialRefund_Admin.ts:Clicked on the Next

2020-10-13 13:17:31 - [TEST_STEP][PASSED] - pages.Quicksti.verifyUserPaymentDetails(paymentAmount, firstName, lastName, CardNumber): pages.Quicksti.verifyUserPaymentDetails is PASSED

2020-10-13 13:17:31 - [MESSAGE][PASSED] - Text of object 'Object Repository/CERTPAY_QUICKSTI/Payment_Details_Verification_Page/AMOUNT' is: '$35.00'

2020-10-13 13:17:31 - [MESSAGE][PASSED] - Actual text '35.00' and expected text '35.00' are matched  using regular expression

2020-10-13 13:17:32 - [MESSAGE][PASSED] - Text of object 'Object Repository/CERTPAY_QUICKSTI/Payment_Details_Verification_Page/NAME' is: 'Tester Zenq1'

2020-10-13 13:17:32 - [MESSAGE][PASSED] - Actual text 'Tester Zenq1' and expected text 'Tester Zenq1' are matched  using regular expression

2020-10-13 13:17:32 - [MESSAGE][PASSED] - Text of object 'Object Repository/CERTPAY_QUICKSTI/Payment_Details_Verification_Page/CARD_NUMBER' is: '...1006'

2020-10-13 13:17:32 - [MESSAGE][PASSED] - Actual text '1006' and expected text '1006' are matched  using regular expression

2020-10-13 13:17:32 - [MESSAGE][PASSED] - pages.Quicksti.verifyUserPaymentDetails is PASSED

2020-10-13 13:17:32 - [TEST_STEP][PASSED] - delay(2): Delayed 2 second(s)

2020-10-13 13:17:34 - [MESSAGE][PASSED] - Delayed 2 second(s)

2020-10-13 13:17:34 - [TEST_STEP][PASSED] - scrollToElement(findTestObject("CERTPAY_QUICKSTI/Payment_Details_Verification_Page/PROCESS"), 30): Scroll to object 'Object Repository/CERTPAY_QUICKSTI/Payment_Details_Verification_Page/PROCESS' successfully

2020-10-13 13:17:35 - [MESSAGE][PASSED] - Scroll to object 'Object Repository/CERTPAY_QUICKSTI/Payment_Details_Verification_Page/PROCESS' successfully

2020-10-13 13:17:35 - [TEST_STEP][PASSED] - utilities.SafeActions.safeClick(findTestObject("CERTPAY_QUICKSTI/Payment_Details_Verification_Page/PROCESS"), "Process", [pageLoadTime]): Quicksti_Sameday_PartialRefund_Admin.ts:Clicked on the Process

2020-10-13 13:17:35 - [MESSAGE][INFO] - safeClicking

2020-10-13 13:17:35 - [MESSAGE][PASSED] - Object 'Object Repository/CERTPAY_QUICKSTI/Payment_Details_Verification_Page/PROCESS' is present

2020-10-13 13:17:35 - [MESSAGE][PASSED] - Object 'Object Repository/CERTPAY_QUICKSTI/Payment_Details_Verification_Page/PROCESS' is clickable

2020-10-13 13:17:39 - [MESSAGE][PASSED] - Object: 'Object Repository/CERTPAY_QUICKSTI/Payment_Details_Verification_Page/PROCESS' is clicked on

2020-10-13 13:17:39 - [MESSAGE][PASSED] - Quicksti_Sameday_PartialRefund_Admin.ts:Clicked on the Process

2020-10-13 13:17:39 - [TEST_STEP][PASSED] - paymentId = pages.Quicksti.verifyPaymentApproval(findTestObject("CERTPAY_QUICKSTI/Payment_Details_Verification_Page/APPROVED")): Payment is approved

2020-10-13 13:17:40 - [MESSAGE][PASSED] - Text of object 'Object Repository/CERTPAY_QUICKSTI/Payment_Details_Verification_Page/PAYMENT_ID' is: '100176127526'

2020-10-13 13:17:40 - [MESSAGE][PASSED] - Object 'Object Repository/CERTPAY_QUICKSTI/Payment_Details_Verification_Page/APPROVED' is present

2020-10-13 13:17:40 - [MESSAGE][PASSED] - Payment is approved

2020-10-13 13:17:42 - [TEST_STEP][PASSED] - navigateToUrl(Admin_url): Navigate to 'https://qa-certpayadmin.faps.net' successfully

2020-10-13 13:17:47 - [MESSAGE][PASSED] - Navigate to 'https://qa-certpayadmin.faps.net' successfully

2020-10-13 13:17:47 - [TEST_STEP][PASSED] - pages.Bureau_Login_Page.loginToAdminSite(AdminUsername, AdminPassword): Quicksti_Sameday_PartialRefund_Admin.ts:Clicked on the LOGIN

2020-10-13 13:17:47 - [MESSAGE][PASSED] - Object 'Object Repository/CERTPAY_ADMIN/USER_NAME' is present

2020-10-13 13:17:48 - [MESSAGE][PASSED] - Object 'Object Repository/CERTPAY_ADMIN/USER_NAME' is visible

2020-10-13 13:17:48 - [MESSAGE][PASSED] - Object 'Object Repository/CERTPAY_ADMIN/USER_NAME' is present

2020-10-13 13:17:50 - [MESSAGE][PASSED] - Text 'VVangiliappan' is set on object 'Object Repository/CERTPAY_ADMIN/USER_NAME'

2020-10-13 13:17:50 - [MESSAGE][PASSED] - Quicksti_Sameday_PartialRefund_Admin.ts:Entered'VVangiliappan into username

2020-10-13 13:17:50 - [MESSAGE][PASSED] - Object 'Object Repository/CERTPAY_ADMIN/PASSWORD' is present

2020-10-13 13:17:51 - [MESSAGE][PASSED] - Object 'Object Repository/CERTPAY_ADMIN/PASSWORD' is visible

2020-10-13 13:17:51 - [MESSAGE][PASSED] - Object 'Object Repository/CERTPAY_ADMIN/PASSWORD' is present

2020-10-13 13:17:53 - [MESSAGE][PASSED] - Text 'Test@123' is set on object 'Object Repository/CERTPAY_ADMIN/PASSWORD'

2020-10-13 13:17:53 - [MESSAGE][PASSED] - Quicksti_Sameday_PartialRefund_Admin.ts:Entered'Test@123 into password

2020-10-13 13:17:53 - [MESSAGE][INFO] - safeClicking

2020-10-13 13:17:53 - [MESSAGE][PASSED] - Object 'Object Repository/CERTPAY_ADMIN/LOGIN_BUTTON' is present

2020-10-13 13:17:53 - [MESSAGE][PASSED] - Object 'Object Repository/CERTPAY_ADMIN/LOGIN_BUTTON' is clickable

2020-10-13 13:18:04 - [MESSAGE][PASSED] - Object: 'Object Repository/CERTPAY_ADMIN/LOGIN_BUTTON' is clicked on

2020-10-13 13:18:05 - [MESSAGE][PASSED] - Quicksti_Sameday_PartialRefund_Admin.ts:Clicked on the LOGIN

2020-10-13 13:18:05 - [TEST_STEP][PASSED] - utilities.SafeActions.safeClick(findTestObject("CERTPAY_ADMIN/TRANSACTION_MENU"), "TransactionMenu", [pageLoadTime]): Quicksti_Sameday_PartialRefund_Admin.ts:Clicked on the TransactionMenu

2020-10-13 13:18:05 - [MESSAGE][INFO] - safeClicking

2020-10-13 13:18:05 - [MESSAGE][PASSED] - Object 'Object Repository/CERTPAY_ADMIN/TRANSACTION_MENU' is present

2020-10-13 13:18:05 - [MESSAGE][PASSED] - Object 'Object Repository/CERTPAY_ADMIN/TRANSACTION_MENU' is clickable

2020-10-13 13:18:07 - [MESSAGE][PASSED] - Object: 'Object Repository/CERTPAY_ADMIN/TRANSACTION_MENU' is clicked on

2020-10-13 13:18:07 - [MESSAGE][PASSED] - Quicksti_Sameday_PartialRefund_Admin.ts:Clicked on the TransactionMenu

2020-10-13 13:18:07 - [TEST_STEP][PASSED] - utilities.SafeActions.safeClick(findTestObject("CERTPAY_ADMIN/TRANSACTION_SEARCH"), "TransactionSearch", [pageLoadTime]): Quicksti_Sameday_PartialRefund_Admin.ts:Clicked on the TransactionSearch

2020-10-13 13:18:07 - [MESSAGE][INFO] - safeClicking

2020-10-13 13:18:08 - [MESSAGE][PASSED] - Object 'Object Repository/CERTPAY_ADMIN/TRANSACTION_SEARCH' is present

2020-10-13 13:18:08 - [MESSAGE][PASSED] - Object 'Object Repository/CERTPAY_ADMIN/TRANSACTION_SEARCH' is clickable

2020-10-13 13:18:12 - [MESSAGE][PASSED] - Object: 'Object Repository/CERTPAY_ADMIN/TRANSACTION_SEARCH' is clicked on

2020-10-13 13:18:12 - [MESSAGE][PASSED] - Quicksti_Sameday_PartialRefund_Admin.ts:Clicked on the TransactionSearch

2020-10-13 13:18:12 - [TEST_STEP][PASSED] - utilities.SafeActions.safeType(findTestObject("CERTPAY_ADMIN/PAYMENT_ID"), paymentId, "Payment id", [pageLoadTime]): Quicksti_Sameday_PartialRefund_Admin.ts:Entered'100176127526 into Payment id

2020-10-13 13:18:13 - [MESSAGE][PASSED] - Object 'Object Repository/CERTPAY_ADMIN/PAYMENT_ID' is present

2020-10-13 13:18:13 - [MESSAGE][PASSED] - Object 'Object Repository/CERTPAY_ADMIN/PAYMENT_ID' is visible

2020-10-13 13:18:13 - [MESSAGE][PASSED] - Object 'Object Repository/CERTPAY_ADMIN/PAYMENT_ID' is present

2020-10-13 13:18:15 - [MESSAGE][PASSED] - Text '100176127526' is set on object 'Object Repository/CERTPAY_ADMIN/PAYMENT_ID'

2020-10-13 13:18:15 - [MESSAGE][PASSED] - Quicksti_Sameday_PartialRefund_Admin.ts:Entered'100176127526 into Payment id

2020-10-13 13:18:15 - [TEST_STEP][PASSED] - utilities.SafeActions.safeClick(findTestObject("CERTPAY_ADMIN/GO_BUTTON"), "Go button", [pageLoadTime]): Quicksti_Sameday_PartialRefund_Admin.ts:Clicked on the Go button

2020-10-13 13:18:15 - [MESSAGE][INFO] - safeClicking

2020-10-13 13:18:15 - [MESSAGE][PASSED] - Object 'Object Repository/CERTPAY_ADMIN/GO_BUTTON' is present

2020-10-13 13:18:15 - [MESSAGE][PASSED] - Object 'Object Repository/CERTPAY_ADMIN/GO_BUTTON' is clickable

2020-10-13 13:18:19 - [MESSAGE][PASSED] - Object: 'Object Repository/CERTPAY_ADMIN/GO_BUTTON' is clicked on

2020-10-13 13:18:19 - [MESSAGE][PASSED] - Quicksti_Sameday_PartialRefund_Admin.ts:Clicked on the Go button

2020-10-13 13:18:19 - [TEST_STEP][PASSED] - delay(3): Delayed 3 second(s)

2020-10-13 13:18:22 - [MESSAGE][PASSED] - Delayed 3 second(s)

2020-10-13 13:18:22 - [TEST_STEP][PASSED] - paymentIdList.add(paymentId): null

2020-10-13 13:18:22 - [TEST_STEP][PASSED] - println(paymentIdList): null

2020-10-13 13:18:22 - [TEST_STEP][PASSED] - utilities.SafeActions.safeClick(findTestObject("CERTPAY_ADMIN/ACTIONS_BUTTON"), "Actions button", [pageLoadTime]): Quicksti_Sameday_PartialRefund_Admin.ts:Clicked on the Actions button

2020-10-13 13:18:22 - [MESSAGE][INFO] - safeClicking

2020-10-13 13:18:23 - [MESSAGE][PASSED] - Object 'Object Repository/CERTPAY_ADMIN/ACTIONS_BUTTON' is present

2020-10-13 13:18:23 - [MESSAGE][PASSED] - Object 'Object Repository/CERTPAY_ADMIN/ACTIONS_BUTTON' is clickable

2020-10-13 13:18:24 - [MESSAGE][PASSED] - Object: 'Object Repository/CERTPAY_ADMIN/ACTIONS_BUTTON' is clicked on

2020-10-13 13:18:24 - [MESSAGE][PASSED] - Quicksti_Sameday_PartialRefund_Admin.ts:Clicked on the Actions button

2020-10-13 13:18:24 - [TEST_STEP][PASSED] - utilities.SafeActions.safeClick(findTestObject("CERTPAY_ADMIN/REFUND_MENU"), "Refund Menu", [pageLoadTime]): Quicksti_Sameday_PartialRefund_Admin.ts:Clicked on the Refund Menu

2020-10-13 13:18:24 - [MESSAGE][INFO] - safeClicking

2020-10-13 13:18:25 - [MESSAGE][PASSED] - Object 'Object Repository/CERTPAY_ADMIN/REFUND_MENU' is present

2020-10-13 13:18:25 - [MESSAGE][PASSED] - Object 'Object Repository/CERTPAY_ADMIN/REFUND_MENU' is clickable

2020-10-13 13:18:26 - [MESSAGE][PASSED] - Object: 'Object Repository/CERTPAY_ADMIN/REFUND_MENU' is clicked on

2020-10-13 13:18:26 - [MESSAGE][PASSED] - Quicksti_Sameday_PartialRefund_Admin.ts:Clicked on the Refund Menu

2020-10-13 13:18:26 - [TEST_STEP][PASSED] - delay(2): Delayed 2 second(s)

2020-10-13 13:18:28 - [MESSAGE][PASSED] - Delayed 2 second(s)

2020-10-13 13:18:28 - [TEST_STEP][PASSED] - utilities.SafeActions.safeClick(findTestObject("CERTPAY_ADMIN/CREDIT_RETURN"), "Credit Return", [pageLoadTime]): Quicksti_Sameday_PartialRefund_Admin.ts:Clicked on the Credit Return

2020-10-13 13:18:28 - [MESSAGE][INFO] - safeClicking

2020-10-13 13:18:28 - [MESSAGE][PASSED] - Object 'Object Repository/CERTPAY_ADMIN/CREDIT_RETURN' is present

2020-10-13 13:18:29 - [MESSAGE][PASSED] - Object 'Object Repository/CERTPAY_ADMIN/CREDIT_RETURN' is clickable

2020-10-13 13:18:30 - [MESSAGE][PASSED] - Object: 'Object Repository/CERTPAY_ADMIN/CREDIT_RETURN' is clicked on

2020-10-13 13:18:30 - [MESSAGE][PASSED] - Quicksti_Sameday_PartialRefund_Admin.ts:Clicked on the Credit Return

2020-10-13 13:18:30 - [TEST_STEP][PASSED] - utilities.SafeActions.safeType(findTestObject("Object Repository/CERTPAY_ADMIN/REFUND_AMOUNT"), RefundAmount, "Payment id", [pageLoadTime]): Quicksti_Sameday_PartialRefund_Admin.ts:Entered'12.00 into Payment id

2020-10-13 13:18:30 - [MESSAGE][PASSED] - Object 'Object Repository/CERTPAY_ADMIN/REFUND_AMOUNT' is present

2020-10-13 13:18:31 - [MESSAGE][PASSED] - Object 'Object Repository/CERTPAY_ADMIN/REFUND_AMOUNT' is visible

2020-10-13 13:18:31 - [MESSAGE][PASSED] - Object 'Object Repository/CERTPAY_ADMIN/REFUND_AMOUNT' is present

2020-10-13 13:18:32 - [MESSAGE][PASSED] - Text '12.00' is set on object 'Object Repository/CERTPAY_ADMIN/REFUND_AMOUNT'

2020-10-13 13:18:32 - [MESSAGE][PASSED] - Quicksti_Sameday_PartialRefund_Admin.ts:Entered'12.00 into Payment id

2020-10-13 13:18:32 - [TEST_STEP][PASSED] - utilities.SafeActions.safeClick(findTestObject("Object Repository/CERTPAY_ADMIN/PROCESS_REVERSAL"), "Process Reversal", [pageLoadTime]): Quicksti_Sameday_PartialRefund_Admin.ts:Clicked on the Process Reversal

2020-10-13 13:18:32 - [MESSAGE][INFO] - safeClicking

2020-10-13 13:18:32 - [MESSAGE][PASSED] - Object 'Object Repository/CERTPAY_ADMIN/PROCESS_REVERSAL' is present

2020-10-13 13:18:33 - [MESSAGE][PASSED] - Object 'Object Repository/CERTPAY_ADMIN/PROCESS_REVERSAL' is clickable

2020-10-13 13:18:34 - [MESSAGE][PASSED] - Object: 'Object Repository/CERTPAY_ADMIN/PROCESS_REVERSAL' is clicked on

2020-10-13 13:18:34 - [MESSAGE][PASSED] - Quicksti_Sameday_PartialRefund_Admin.ts:Clicked on the Process Reversal

2020-10-13 13:18:34 - [TEST_STEP][PASSED] - delay(2): Delayed 2 second(s)

2020-10-13 13:18:36 - [MESSAGE][PASSED] - Delayed 2 second(s)

2020-10-13 13:18:36 - [TEST_STEP][PASSED] - Start listener action : afterTestCase: Browser is closed

2020-10-13 13:18:36 - [TEST_STEP][PASSED] - closeBrowser(): Browser is closed

2020-10-13 13:19:18 - [MESSAGE][PASSED] - Browser is closed]]></system-out>
         <system-err><![CDATA[]]></system-err>
      </testcase>
      <system-out><![CDATA[2020-10-13 13:09:35 - [TEST_SUITE][PASSED] - Quicksti_Sameday_PartialRefund_Admin: Test Cases/SameDay_Refunds_Admin/TC_002_VISA_Sameday_PartialRefund]]></system-out>
      <system-err><![CDATA[]]></system-err>
   </testsuite>
</testsuites>
